[0.034s] Invoking command in '/home/sensebeetlev10/sl_ws/src/sensebeetle-control/rm_serial_driver/build/rm_serial_driver': AMENT_PREFIX_PATH=/home/sensebeetlev10/sl_ws/src/sensebeetle-control/rm_serial_driver/install/sensebeetle_interfaces:${AMENT_PREFIX_PATH} CMAKE_PREFIX_PATH=/home/sensebeetlev10/sl_ws/src/sensebeetle-control/rm_serial_driver/install/sensebeetle_interfaces:/home/sensebeetlev10/sl_ws/install/sensebeetle_interfaces:/opt/ros/humble LD_LIBRARY_PATH=/home/sensebeetlev10/sl_ws/src/sensebeetle-control/rm_serial_driver/install/sensebeetle_interfaces/lib:${LD_LIBRARY_PATH} PYTHONPATH=/home/sensebeetlev10/sl_ws/src/sensebeetle-control/rm_serial_driver/install/sensebeetle_interfaces/local/lib/python3.10/dist-packages:${PYTHONPATH} /usr/bin/cmake /home/sensebeetlev10/sl_ws/src/sensebeetle-control/rm_serial_driver -DCMAKE_BUILD_TYPE=RelWithDebInfo -DAMENT_CMAKE_SYMLINK_INSTALL=1 -DCMAKE_INSTALL_PREFIX=/home/sensebeetlev10/sl_ws/src/sensebeetle-control/rm_serial_driver/install/rm_serial_driver
[0.144s] -- The C compiler identification is GNU 11.4.0
[0.268s] -- The CXX compiler identification is GNU 11.4.0
[0.280s] -- Detecting C compiler ABI info
[0.447s] -- Detecting C compiler ABI info - done
[0.485s] -- Check for working C compiler: /usr/bin/cc - skipped
[0.486s] -- Detecting C compile features
[0.487s] -- Detecting C compile features - done
[0.492s] -- Detecting CXX compiler ABI info
[0.689s] -- Detecting CXX compiler ABI info - done
[0.700s] -- Check for working CXX compiler: /usr/bin/c++ - skipped
[0.700s] -- Detecting CXX compile features
[0.701s] -- Detecting CXX compile features - done
[0.704s] -- Found ament_cmake_auto: 1.3.8 (/opt/ros/humble/share/ament_cmake_auto/cmake)
[1.047s] -- Found Python3: /usr/bin/python3 (found version "3.10.12") found components: Interpreter 
[1.169s] -- Override CMake install command with custom implementation using symlinks instead of copying resources
[1.409s] -- Found rosidl_generator_c: 3.1.5 (/opt/ros/humble/share/rosidl_generator_c/cmake)
[1.416s] -- Found rosidl_adapter: 3.1.5 (/opt/ros/humble/share/rosidl_adapter/cmake)
[1.430s] -- Found rosidl_generator_cpp: 3.1.5 (/opt/ros/humble/share/rosidl_generator_cpp/cmake)
[1.450s] -- Using all available rosidl_typesupport_c: rosidl_typesupport_fastrtps_c;rosidl_typesupport_introspection_c
[1.479s] -- Using all available rosidl_typesupport_cpp: rosidl_typesupport_fastrtps_cpp;rosidl_typesupport_introspection_cpp
[1.583s] -- Found rmw_implementation_cmake: 6.1.1 (/opt/ros/humble/share/rmw_implementation_cmake/cmake)
[1.586s] -- Found rmw_fastrtps_cpp: 6.2.6 (/opt/ros/humble/share/rmw_fastrtps_cpp/cmake)
[1.791s] -- Found OpenSSL: /usr/lib/aarch64-linux-gnu/libcrypto.so (found version "3.0.2")  
[1.838s] -- Found FastRTPS: /opt/ros/humble/include  
[1.919s] -- Using RMW implementation 'rmw_fastrtps_cpp' as default
[1.933s] -- Looking for pthread.h
[2.107s] -- Looking for pthread.h - found
[2.107s] -- Performing Test CMAKE_HAVE_LIBC_PTHREAD
[2.276s] -- Performing Test CMAKE_HAVE_LIBC_PTHREAD - Success
[2.278s] -- Found Threads: TRUE  
[3.330s] -- Found eigen3_cmake_module: 0.1.1 (/opt/ros/humble/share/eigen3_cmake_module/cmake)
[3.331s] -- Found Eigen3: TRUE (found version "3.4.0") 
[3.331s] -- Ensuring Eigen3 include directory is part of orocos-kdl CMake target
[3.518s] -- Found ament_lint_auto: 0.12.10 (/opt/ros/humble/share/ament_lint_auto/cmake)
[3.632s] -- Added test 'cppcheck' to perform static code analysis on C / C++ code
[3.632s] -- Configured cppcheck include dirs: /home/sensebeetlev10/sl_ws/src/sensebeetle-control/rm_serial_driver/include;/home/sensebeetlev10/sl_ws/src/sensebeetle-control/rm_serial_driver/install/sensebeetle_interfaces/include/sensebeetle_interfaces
[3.633s] -- Configured cppcheck exclude dirs and/or files: 
[3.697s] -- Added test 'cpplint' to check C / C++ code against the Google style
[3.698s] -- Configured cpplint exclude dirs and/or files: 
[3.706s] -- Added test 'flake8' to check Python code syntax and style conventions
[3.723s] -- Added test 'lint_cmake' to check CMake code style
[3.733s] -- Added test 'pep257' to check Python code against some of the docstring style conventions in PEP 257
[3.743s] -- Added test 'xmllint' to check XML markup files
[3.789s] -- Configuring done
[3.830s] -- Generating done
[3.834s] -- Build files have been written to: /home/sensebeetlev10/sl_ws/src/sensebeetle-control/rm_serial_driver/build/rm_serial_driver
[3.874s] Invoked command in '/home/sensebeetlev10/sl_ws/src/sensebeetle-control/rm_serial_driver/build/rm_serial_driver' returned '0': AMENT_PREFIX_PATH=/home/sensebeetlev10/sl_ws/src/sensebeetle-control/rm_serial_driver/install/sensebeetle_interfaces:${AMENT_PREFIX_PATH} CMAKE_PREFIX_PATH=/home/sensebeetlev10/sl_ws/src/sensebeetle-control/rm_serial_driver/install/sensebeetle_interfaces:/home/sensebeetlev10/sl_ws/install/sensebeetle_interfaces:/opt/ros/humble LD_LIBRARY_PATH=/home/sensebeetlev10/sl_ws/src/sensebeetle-control/rm_serial_driver/install/sensebeetle_interfaces/lib:${LD_LIBRARY_PATH} PYTHONPATH=/home/sensebeetlev10/sl_ws/src/sensebeetle-control/rm_serial_driver/install/sensebeetle_interfaces/local/lib/python3.10/dist-packages:${PYTHONPATH} /usr/bin/cmake /home/sensebeetlev10/sl_ws/src/sensebeetle-control/rm_serial_driver -DCMAKE_BUILD_TYPE=RelWithDebInfo -DAMENT_CMAKE_SYMLINK_INSTALL=1 -DCMAKE_INSTALL_PREFIX=/home/sensebeetlev10/sl_ws/src/sensebeetle-control/rm_serial_driver/install/rm_serial_driver
[3.882s] Invoking command in '/home/sensebeetlev10/sl_ws/src/sensebeetle-control/rm_serial_driver/build/rm_serial_driver': AMENT_PREFIX_PATH=/home/sensebeetlev10/sl_ws/src/sensebeetle-control/rm_serial_driver/install/sensebeetle_interfaces:${AMENT_PREFIX_PATH} CMAKE_PREFIX_PATH=/home/sensebeetlev10/sl_ws/src/sensebeetle-control/rm_serial_driver/install/sensebeetle_interfaces:/home/sensebeetlev10/sl_ws/install/sensebeetle_interfaces:/opt/ros/humble LD_LIBRARY_PATH=/home/sensebeetlev10/sl_ws/src/sensebeetle-control/rm_serial_driver/install/sensebeetle_interfaces/lib:${LD_LIBRARY_PATH} PYTHONPATH=/home/sensebeetlev10/sl_ws/src/sensebeetle-control/rm_serial_driver/install/sensebeetle_interfaces/local/lib/python3.10/dist-packages:${PYTHONPATH} /usr/bin/cmake --build /home/sensebeetlev10/sl_ws/src/sensebeetle-control/rm_serial_driver/build/rm_serial_driver -- -j8 -l8
[3.999s] [ 25%] [32mBuilding CXX object CMakeFiles/rm_serial_driver_node.dir/rclcpp_components/node_main_rm_serial_driver_node.cpp.o[0m
[4.016s] [ 50%] [32mBuilding CXX object CMakeFiles/rm_serial_driver.dir/src/rm_serial_driver.cpp.o[0m
[11.816s] [ 75%] [32m[1mLinking CXX executable rm_serial_driver_node[0m
[12.085s] [ 75%] Built target rm_serial_driver_node
[42.031s] [100%] [32m[1mLinking CXX shared library librm_serial_driver.so[0m
[42.765s] [100%] Built target rm_serial_driver
[42.810s] Invoked command in '/home/sensebeetlev10/sl_ws/src/sensebeetle-control/rm_serial_driver/build/rm_serial_driver' returned '0': AMENT_PREFIX_PATH=/home/sensebeetlev10/sl_ws/src/sensebeetle-control/rm_serial_driver/install/sensebeetle_interfaces:${AMENT_PREFIX_PATH} CMAKE_PREFIX_PATH=/home/sensebeetlev10/sl_ws/src/sensebeetle-control/rm_serial_driver/install/sensebeetle_interfaces:/home/sensebeetlev10/sl_ws/install/sensebeetle_interfaces:/opt/ros/humble LD_LIBRARY_PATH=/home/sensebeetlev10/sl_ws/src/sensebeetle-control/rm_serial_driver/install/sensebeetle_interfaces/lib:${LD_LIBRARY_PATH} PYTHONPATH=/home/sensebeetlev10/sl_ws/src/sensebeetle-control/rm_serial_driver/install/sensebeetle_interfaces/local/lib/python3.10/dist-packages:${PYTHONPATH} /usr/bin/cmake --build /home/sensebeetlev10/sl_ws/src/sensebeetle-control/rm_serial_driver/build/rm_serial_driver -- -j8 -l8
[42.893s] Invoking command in '/home/sensebeetlev10/sl_ws/src/sensebeetle-control/rm_serial_driver/build/rm_serial_driver': AMENT_PREFIX_PATH=/home/sensebeetlev10/sl_ws/src/sensebeetle-control/rm_serial_driver/install/sensebeetle_interfaces:${AMENT_PREFIX_PATH} CMAKE_PREFIX_PATH=/home/sensebeetlev10/sl_ws/src/sensebeetle-control/rm_serial_driver/install/sensebeetle_interfaces:/home/sensebeetlev10/sl_ws/install/sensebeetle_interfaces:/opt/ros/humble LD_LIBRARY_PATH=/home/sensebeetlev10/sl_ws/src/sensebeetle-control/rm_serial_driver/install/sensebeetle_interfaces/lib:${LD_LIBRARY_PATH} PYTHONPATH=/home/sensebeetlev10/sl_ws/src/sensebeetle-control/rm_serial_driver/install/sensebeetle_interfaces/local/lib/python3.10/dist-packages:${PYTHONPATH} /usr/bin/cmake --install /home/sensebeetlev10/sl_ws/src/sensebeetle-control/rm_serial_driver/build/rm_serial_driver
[42.902s] -- Install configuration: "RelWithDebInfo"
[42.903s] -- Execute custom install script
[42.903s] -- Symlinking: /home/sensebeetlev10/sl_ws/src/sensebeetle-control/rm_serial_driver/install/rm_serial_driver/lib/rm_serial_driver/rm_serial_driver_node
[42.935s] -- Symlinking: /home/sensebeetlev10/sl_ws/src/sensebeetle-control/rm_serial_driver/install/rm_serial_driver/include/rm_serial_driver/packet.hpp
[42.962s] -- Symlinking: /home/sensebeetlev10/sl_ws/src/sensebeetle-control/rm_serial_driver/install/rm_serial_driver/include/rm_serial_driver/rm_serial_driver.hpp
[42.991s] -- Symlinking: /home/sensebeetlev10/sl_ws/src/sensebeetle-control/rm_serial_driver/install/rm_serial_driver/share/rm_serial_driver/environment/library_path.sh
[43.019s] -- Symlinking: /home/sensebeetlev10/sl_ws/src/sensebeetle-control/rm_serial_driver/install/rm_serial_driver/share/rm_serial_driver/environment/library_path.dsv
[43.048s] -- Symlinking: /home/sensebeetlev10/sl_ws/src/sensebeetle-control/rm_serial_driver/install/rm_serial_driver/lib/librm_serial_driver.so
[43.076s] -- Symlinking: /home/sensebeetlev10/sl_ws/src/sensebeetle-control/rm_serial_driver/install/rm_serial_driver/share/rm_serial_driver/config/serial_driver.yaml
[43.105s] -- Symlinking: /home/sensebeetlev10/sl_ws/src/sensebeetle-control/rm_serial_driver/install/rm_serial_driver/share/rm_serial_driver/launch/serial_driver.launch.py
[43.134s] -- Symlinking: /home/sensebeetlev10/sl_ws/src/sensebeetle-control/rm_serial_driver/install/rm_serial_driver/share/ament_index/resource_index/package_run_dependencies/rm_serial_driver
[43.160s] -- Symlinking: /home/sensebeetlev10/sl_ws/src/sensebeetle-control/rm_serial_driver/install/rm_serial_driver/share/ament_index/resource_index/parent_prefix_path/rm_serial_driver
[43.188s] -- Symlinking: /home/sensebeetlev10/sl_ws/src/sensebeetle-control/rm_serial_driver/install/rm_serial_driver/share/rm_serial_driver/environment/ament_prefix_path.sh
[43.220s] -- Symlinking: /home/sensebeetlev10/sl_ws/src/sensebeetle-control/rm_serial_driver/install/rm_serial_driver/share/rm_serial_driver/environment/ament_prefix_path.dsv
[43.246s] -- Symlinking: /home/sensebeetlev10/sl_ws/src/sensebeetle-control/rm_serial_driver/install/rm_serial_driver/share/rm_serial_driver/environment/path.sh
[43.276s] -- Symlinking: /home/sensebeetlev10/sl_ws/src/sensebeetle-control/rm_serial_driver/install/rm_serial_driver/share/rm_serial_driver/environment/path.dsv
[43.304s] -- Symlinking: /home/sensebeetlev10/sl_ws/src/sensebeetle-control/rm_serial_driver/install/rm_serial_driver/share/rm_serial_driver/local_setup.bash
[43.333s] -- Symlinking: /home/sensebeetlev10/sl_ws/src/sensebeetle-control/rm_serial_driver/install/rm_serial_driver/share/rm_serial_driver/local_setup.sh
[43.361s] -- Symlinking: /home/sensebeetlev10/sl_ws/src/sensebeetle-control/rm_serial_driver/install/rm_serial_driver/share/rm_serial_driver/local_setup.zsh
[43.388s] -- Symlinking: /home/sensebeetlev10/sl_ws/src/sensebeetle-control/rm_serial_driver/install/rm_serial_driver/share/rm_serial_driver/local_setup.dsv
[43.414s] -- Symlinking: /home/sensebeetlev10/sl_ws/src/sensebeetle-control/rm_serial_driver/install/rm_serial_driver/share/rm_serial_driver/package.dsv
[43.442s] -- Symlinking: /home/sensebeetlev10/sl_ws/src/sensebeetle-control/rm_serial_driver/install/rm_serial_driver/share/ament_index/resource_index/packages/rm_serial_driver
[43.475s] -- Symlinking: /home/sensebeetlev10/sl_ws/src/sensebeetle-control/rm_serial_driver/install/rm_serial_driver/share/ament_index/resource_index/rclcpp_components/rm_serial_driver
[43.506s] -- Symlinking: /home/sensebeetlev10/sl_ws/src/sensebeetle-control/rm_serial_driver/install/rm_serial_driver/share/rm_serial_driver/cmake/ament_cmake_export_dependencies-extras.cmake
[43.535s] -- Symlinking: /home/sensebeetlev10/sl_ws/src/sensebeetle-control/rm_serial_driver/install/rm_serial_driver/share/rm_serial_driver/cmake/ament_cmake_export_include_directories-extras.cmake
[43.566s] -- Symlinking: /home/sensebeetlev10/sl_ws/src/sensebeetle-control/rm_serial_driver/install/rm_serial_driver/share/rm_serial_driver/cmake/ament_cmake_export_libraries-extras.cmake
[43.595s] -- Symlinking: /home/sensebeetlev10/sl_ws/src/sensebeetle-control/rm_serial_driver/install/rm_serial_driver/share/rm_serial_driver/cmake/rm_serial_driverConfig.cmake
[43.621s] -- Symlinking: /home/sensebeetlev10/sl_ws/src/sensebeetle-control/rm_serial_driver/install/rm_serial_driver/share/rm_serial_driver/cmake/rm_serial_driverConfig-version.cmake
[43.650s] -- Symlinking: /home/sensebeetlev10/sl_ws/src/sensebeetle-control/rm_serial_driver/install/rm_serial_driver/share/rm_serial_driver/package.xml
[43.688s] Invoked command in '/home/sensebeetlev10/sl_ws/src/sensebeetle-control/rm_serial_driver/build/rm_serial_driver' returned '0': AMENT_PREFIX_PATH=/home/sensebeetlev10/sl_ws/src/sensebeetle-control/rm_serial_driver/install/sensebeetle_interfaces:${AMENT_PREFIX_PATH} CMAKE_PREFIX_PATH=/home/sensebeetlev10/sl_ws/src/sensebeetle-control/rm_serial_driver/install/sensebeetle_interfaces:/home/sensebeetlev10/sl_ws/install/sensebeetle_interfaces:/opt/ros/humble LD_LIBRARY_PATH=/home/sensebeetlev10/sl_ws/src/sensebeetle-control/rm_serial_driver/install/sensebeetle_interfaces/lib:${LD_LIBRARY_PATH} PYTHONPATH=/home/sensebeetlev10/sl_ws/src/sensebeetle-control/rm_serial_driver/install/sensebeetle_interfaces/local/lib/python3.10/dist-packages:${PYTHONPATH} /usr/bin/cmake --install /home/sensebeetlev10/sl_ws/src/sensebeetle-control/rm_serial_driver/build/rm_serial_driver
