-- The C compiler identification is GNU 11.4.0
-- The CXX compiler identification is GNU 11.4.0
-- Detecting C compiler ABI info
-- Detecting C compiler ABI info - done
-- Check for working C compiler: /usr/bin/cc - skipped
-- Detecting C compile features
-- Detecting C compile features - done
-- Detecting CXX compiler ABI info
-- Detecting CXX compiler ABI info - done
-- Check for working CXX compiler: /usr/bin/c++ - skipped
-- Detecting CXX compile features
-- Detecting CXX compile features - done
-- Found ament_cmake: 1.3.8 (/opt/ros/humble/share/ament_cmake/cmake)
-- Found Python3: /usr/bin/python3 (found version "3.10.12") found components: Interpreter 
-- Override CMake install command with custom implementation using symlinks instead of copying resources
-- Found rosidl_default_generators: 1.2.0 (/opt/ros/humble/share/rosidl_default_generators/cmake)
-- Using all available rosidl_typesupport_c: rosidl_typesupport_fastrtps_c;rosidl_typesupport_introspection_c
-- Found rosidl_adapter: 3.1.5 (/opt/ros/humble/share/rosidl_adapter/cmake)
-- Using all available rosidl_typesupport_cpp: rosidl_typesupport_fastrtps_cpp;rosidl_typesupport_introspection_cpp
-- Found std_msgs: 4.2.3 (/opt/ros/humble/share/std_msgs/cmake)
-- Found ament_cmake_ros: 0.10.0 (/opt/ros/humble/share/ament_cmake_ros/cmake)
-- Using all available rosidl_typesupport_c: rosidl_typesupport_fastrtps_c;rosidl_typesupport_introspection_c
-- Using all available rosidl_typesupport_cpp: rosidl_typesupport_fastrtps_cpp;rosidl_typesupport_introspection_cpp
-- Found PythonInterp: /usr/bin/python3 (found suitable version "3.10.12", minimum required is "3.6") 
-- Found python_cmake_module: 0.10.0 (/opt/ros/humble/share/python_cmake_module/cmake)
-- Found PythonLibs: /usr/lib/aarch64-linux-gnu/libpython3.10.so (found suitable version "3.10.12", minimum required is "3.5") 
-- Using PYTHON_EXECUTABLE: /usr/bin/python3
-- Using PYTHON_INCLUDE_DIRS: /usr/include/python3.10
-- Using PYTHON_LIBRARIES: /usr/lib/aarch64-linux-gnu/libpython3.10.so
-- Found PythonExtra: .so  
-- Found ament_lint_auto: 0.12.10 (/opt/ros/humble/share/ament_lint_auto/cmake)
-- Added test 'lint_cmake' to check CMake code style
-- Added test 'xmllint' to check XML markup files
-- Configuring done
-- Generating done
-- Build files have been written to: /home/sensebeetlev10/sl_ws/src/sensebeetle-control/rm_serial_driver/build/sensebeetle_interfaces
[  2%] [34m[1mGenerating C code for ROS interfaces[0m
[  2%] Built target ament_cmake_python_symlink_sensebeetle_interfaces
[  5%] [34m[1mGenerating C++ code for ROS interfaces[0m
running egg_info
creating sensebeetle_interfaces.egg-info
writing sensebeetle_interfaces.egg-info/PKG-INFO
writing dependency_links to sensebeetle_interfaces.egg-info/dependency_links.txt
writing top-level names to sensebeetle_interfaces.egg-info/top_level.txt
writing manifest file 'sensebeetle_interfaces.egg-info/SOURCES.txt'
reading manifest file 'sensebeetle_interfaces.egg-info/SOURCES.txt'
writing manifest file 'sensebeetle_interfaces.egg-info/SOURCES.txt'
[  5%] Built target ament_cmake_python_build_sensebeetle_interfaces_egg
[  5%] Built target sensebeetle_interfaces__cpp
[  7%] [34m[1mGenerating C++ type support dispatch for ROS interfaces[0m
[ 10%] [34m[1mGenerating C++ type support for eProsima Fast-RTPS[0m
[ 12%] [34m[1mGenerating C++ introspection for ROS interfaces[0m
[ 15%] [32mBuilding C object CMakeFiles/sensebeetle_interfaces__rosidl_generator_c.dir/rosidl_generator_c/sensebeetle_interfaces/msg/detail/twist_stamped_to_wheel__functions.c.o[0m
[ 17%] [32mBuilding C object CMakeFiles/sensebeetle_interfaces__rosidl_generator_c.dir/rosidl_generator_c/sensebeetle_interfaces/msg/detail/dr16_dbus_data__functions.c.o[0m
[ 20%] [32m[1mLinking C shared library libsensebeetle_interfaces__rosidl_generator_c.so[0m
[ 20%] Built target sensebeetle_interfaces__rosidl_generator_c
[ 23%] [34m[1mGenerating C introspection for ROS interfaces[0m
[ 25%] [34m[1mGenerating C type support for eProsima Fast-RTPS[0m
[ 28%] [34m[1mGenerating C type support dispatch for ROS interfaces[0m
[ 33%] [32mBuilding CXX object CMakeFiles/sensebeetle_interfaces__rosidl_typesupport_cpp.dir/rosidl_typesupport_cpp/sensebeetle_interfaces/msg/twist_stamped_to_wheel__type_support.cpp.o[0m
[ 33%] [32mBuilding CXX object CMakeFiles/sensebeetle_interfaces__rosidl_typesupport_cpp.dir/rosidl_typesupport_cpp/sensebeetle_interfaces/msg/dr16_dbus_data__type_support.cpp.o[0m
[ 35%] [32mBuilding CXX object CMakeFiles/sensebeetle_interfaces__rosidl_typesupport_introspection_cpp.dir/rosidl_typesupport_introspection_cpp/sensebeetle_interfaces/msg/detail/twist_stamped_to_wheel__type_support.cpp.o[0m
[ 38%] [32mBuilding CXX object CMakeFiles/sensebeetle_interfaces__rosidl_typesupport_introspection_cpp.dir/rosidl_typesupport_introspection_cpp/sensebeetle_interfaces/msg/detail/dr16_dbus_data__type_support.cpp.o[0m
[ 41%] [32mBuilding CXX object CMakeFiles/sensebeetle_interfaces__rosidl_typesupport_fastrtps_cpp.dir/rosidl_typesupport_fastrtps_cpp/sensebeetle_interfaces/msg/detail/dds_fastrtps/twist_stamped_to_wheel__type_support.cpp.o[0m
[ 43%] [32mBuilding CXX object CMakeFiles/sensebeetle_interfaces__rosidl_typesupport_c.dir/rosidl_typesupport_c/sensebeetle_interfaces/msg/twist_stamped_to_wheel__type_support.cpp.o[0m
[ 46%] [32mBuilding CXX object CMakeFiles/sensebeetle_interfaces__rosidl_typesupport_fastrtps_c.dir/rosidl_typesupport_fastrtps_c/sensebeetle_interfaces/msg/detail/twist_stamped_to_wheel__type_support_c.cpp.o[0m
[ 48%] [32mBuilding C object CMakeFiles/sensebeetle_interfaces__rosidl_typesupport_introspection_c.dir/rosidl_typesupport_introspection_c/sensebeetle_interfaces/msg/detail/twist_stamped_to_wheel__type_support.c.o[0m
[ 51%] [32mBuilding CXX object CMakeFiles/sensebeetle_interfaces__rosidl_typesupport_c.dir/rosidl_typesupport_c/sensebeetle_interfaces/msg/dr16_dbus_data__type_support.cpp.o[0m
[ 53%] [32m[1mLinking CXX shared library libsensebeetle_interfaces__rosidl_typesupport_c.so[0m
[ 53%] Built target sensebeetle_interfaces__rosidl_typesupport_c
[ 56%] [32mBuilding C object CMakeFiles/sensebeetle_interfaces__rosidl_typesupport_introspection_c.dir/rosidl_typesupport_introspection_c/sensebeetle_interfaces/msg/detail/dr16_dbus_data__type_support.c.o[0m
[ 58%] [32mBuilding CXX object CMakeFiles/sensebeetle_interfaces__rosidl_typesupport_fastrtps_c.dir/rosidl_typesupport_fastrtps_c/sensebeetle_interfaces/msg/detail/dr16_dbus_data__type_support_c.cpp.o[0m
[ 61%] [32m[1mLinking C shared library libsensebeetle_interfaces__rosidl_typesupport_introspection_c.so[0m
[ 64%] [32mBuilding CXX object CMakeFiles/sensebeetle_interfaces__rosidl_typesupport_fastrtps_cpp.dir/rosidl_typesupport_fastrtps_cpp/sensebeetle_interfaces/msg/detail/dds_fastrtps/dr16_dbus_data__type_support.cpp.o[0m
[ 64%] Built target sensebeetle_interfaces__rosidl_typesupport_introspection_c
[ 66%] [32m[1mLinking CXX shared library libsensebeetle_interfaces__rosidl_typesupport_cpp.so[0m
[ 66%] Built target sensebeetle_interfaces__rosidl_typesupport_cpp
[ 69%] [32m[1mLinking CXX shared library libsensebeetle_interfaces__rosidl_typesupport_introspection_cpp.so[0m
[ 69%] Built target sensebeetle_interfaces__rosidl_typesupport_introspection_cpp
[ 71%] [32m[1mLinking CXX shared library libsensebeetle_interfaces__rosidl_typesupport_fastrtps_cpp.so[0m
[ 74%] [32m[1mLinking CXX shared library libsensebeetle_interfaces__rosidl_typesupport_fastrtps_c.so[0m
[ 74%] Built target sensebeetle_interfaces__rosidl_typesupport_fastrtps_cpp
[ 74%] Built target sensebeetle_interfaces__rosidl_typesupport_fastrtps_c
[ 74%] Built target sensebeetle_interfaces
[ 76%] [34m[1mGenerating Python code for ROS interfaces[0m
[ 76%] Built target sensebeetle_interfaces__py
[ 82%] [32mBuilding C object CMakeFiles/sensebeetle_interfaces__rosidl_generator_py.dir/rosidl_generator_py/sensebeetle_interfaces/msg/_dr16_dbus_data_s.c.o[0m
[ 82%] [32mBuilding C object CMakeFiles/sensebeetle_interfaces__rosidl_generator_py.dir/rosidl_generator_py/sensebeetle_interfaces/msg/_twist_stamped_to_wheel_s.c.o[0m
[ 84%] [32m[1mLinking C shared library rosidl_generator_py/sensebeetle_interfaces/libsensebeetle_interfaces__rosidl_generator_py.so[0m
[ 84%] Built target sensebeetle_interfaces__rosidl_generator_py
[ 87%] [32mBuilding C object CMakeFiles/sensebeetle_interfaces__rosidl_typesupport_fastrtps_c__pyext.dir/rosidl_generator_py/sensebeetle_interfaces/_sensebeetle_interfaces_s.ep.rosidl_typesupport_fastrtps_c.c.o[0m
[ 92%] [32mBuilding C object CMakeFiles/sensebeetle_interfaces__rosidl_typesupport_introspection_c__pyext.dir/rosidl_generator_py/sensebeetle_interfaces/_sensebeetle_interfaces_s.ep.rosidl_typesupport_introspection_c.c.o[0m
[ 92%] [32mBuilding C object CMakeFiles/sensebeetle_interfaces__rosidl_typesupport_c__pyext.dir/rosidl_generator_py/sensebeetle_interfaces/_sensebeetle_interfaces_s.ep.rosidl_typesupport_c.c.o[0m
[ 94%] [32m[1mLinking C shared library rosidl_generator_py/sensebeetle_interfaces/sensebeetle_interfaces_s__rosidl_typesupport_fastrtps_c.cpython-310-aarch64-linux-gnu.so[0m
[ 97%] [32m[1mLinking C shared library rosidl_generator_py/sensebeetle_interfaces/sensebeetle_interfaces_s__rosidl_typesupport_c.cpython-310-aarch64-linux-gnu.so[0m
[100%] [32m[1mLinking C shared library rosidl_generator_py/sensebeetle_interfaces/sensebeetle_interfaces_s__rosidl_typesupport_introspection_c.cpython-310-aarch64-linux-gnu.so[0m
[100%] Built target sensebeetle_interfaces__rosidl_typesupport_fastrtps_c__pyext
[100%] Built target sensebeetle_interfaces__rosidl_typesupport_c__pyext
[100%] Built target sensebeetle_interfaces__rosidl_typesupport_introspection_c__pyext
-- Install configuration: "RelWithDebInfo"
-- Execute custom install script
-- Symlinking: /home/sensebeetlev10/sl_ws/src/sensebeetle-control/rm_serial_driver/install/sensebeetle_interfaces/share/ament_index/resource_index/rosidl_interfaces/sensebeetle_interfaces
-- Symlinking: /home/sensebeetlev10/sl_ws/src/sensebeetle-control/rm_serial_driver/install/sensebeetle_interfaces/include/sensebeetle_interfaces/sensebeetle_interfaces/msg/detail/dr16_dbus_data__functions.h
-- Symlinking: /home/sensebeetlev10/sl_ws/src/sensebeetle-control/rm_serial_driver/install/sensebeetle_interfaces/include/sensebeetle_interfaces/sensebeetle_interfaces/msg/detail/dr16_dbus_data__struct.h
-- Symlinking: /home/sensebeetlev10/sl_ws/src/sensebeetle-control/rm_serial_driver/install/sensebeetle_interfaces/include/sensebeetle_interfaces/sensebeetle_interfaces/msg/detail/dr16_dbus_data__type_support.h
-- Symlinking: /home/sensebeetlev10/sl_ws/src/sensebeetle-control/rm_serial_driver/install/sensebeetle_interfaces/include/sensebeetle_interfaces/sensebeetle_interfaces/msg/detail/twist_stamped_to_wheel__functions.h
-- Symlinking: /home/sensebeetlev10/sl_ws/src/sensebeetle-control/rm_serial_driver/install/sensebeetle_interfaces/include/sensebeetle_interfaces/sensebeetle_interfaces/msg/detail/twist_stamped_to_wheel__struct.h
-- Symlinking: /home/sensebeetlev10/sl_ws/src/sensebeetle-control/rm_serial_driver/install/sensebeetle_interfaces/include/sensebeetle_interfaces/sensebeetle_interfaces/msg/detail/twist_stamped_to_wheel__type_support.h
-- Symlinking: /home/sensebeetlev10/sl_ws/src/sensebeetle-control/rm_serial_driver/install/sensebeetle_interfaces/include/sensebeetle_interfaces/sensebeetle_interfaces/msg/dr16_dbus_data.h
-- Symlinking: /home/sensebeetlev10/sl_ws/src/sensebeetle-control/rm_serial_driver/install/sensebeetle_interfaces/include/sensebeetle_interfaces/sensebeetle_interfaces/msg/rosidl_generator_c__visibility_control.h
-- Symlinking: /home/sensebeetlev10/sl_ws/src/sensebeetle-control/rm_serial_driver/install/sensebeetle_interfaces/include/sensebeetle_interfaces/sensebeetle_interfaces/msg/twist_stamped_to_wheel.h
-- Symlinking: /home/sensebeetlev10/sl_ws/src/sensebeetle-control/rm_serial_driver/install/sensebeetle_interfaces/share/sensebeetle_interfaces/environment/library_path.sh
-- Symlinking: /home/sensebeetlev10/sl_ws/src/sensebeetle-control/rm_serial_driver/install/sensebeetle_interfaces/share/sensebeetle_interfaces/environment/library_path.dsv
-- Symlinking: /home/sensebeetlev10/sl_ws/src/sensebeetle-control/rm_serial_driver/install/sensebeetle_interfaces/include/sensebeetle_interfaces/sensebeetle_interfaces/msg/detail/dr16_dbus_data__rosidl_typesupport_fastrtps_c.h
-- Symlinking: /home/sensebeetlev10/sl_ws/src/sensebeetle-control/rm_serial_driver/install/sensebeetle_interfaces/include/sensebeetle_interfaces/sensebeetle_interfaces/msg/detail/twist_stamped_to_wheel__rosidl_typesupport_fastrtps_c.h
-- Symlinking: /home/sensebeetlev10/sl_ws/src/sensebeetle-control/rm_serial_driver/install/sensebeetle_interfaces/include/sensebeetle_interfaces/sensebeetle_interfaces/msg/rosidl_typesupport_fastrtps_c__visibility_control.h
-- Symlinking: /home/sensebeetlev10/sl_ws/src/sensebeetle-control/rm_serial_driver/install/sensebeetle_interfaces/include/sensebeetle_interfaces/sensebeetle_interfaces/msg/detail/dr16_dbus_data__rosidl_typesupport_introspection_c.h
-- Symlinking: /home/sensebeetlev10/sl_ws/src/sensebeetle-control/rm_serial_driver/install/sensebeetle_interfaces/include/sensebeetle_interfaces/sensebeetle_interfaces/msg/detail/twist_stamped_to_wheel__rosidl_typesupport_introspection_c.h
-- Symlinking: /home/sensebeetlev10/sl_ws/src/sensebeetle-control/rm_serial_driver/install/sensebeetle_interfaces/include/sensebeetle_interfaces/sensebeetle_interfaces/msg/rosidl_typesupport_introspection_c__visibility_control.h
-- Symlinking: /home/sensebeetlev10/sl_ws/src/sensebeetle-control/rm_serial_driver/install/sensebeetle_interfaces/include/sensebeetle_interfaces/sensebeetle_interfaces/msg/detail/dr16_dbus_data__builder.hpp
-- Symlinking: /home/sensebeetlev10/sl_ws/src/sensebeetle-control/rm_serial_driver/install/sensebeetle_interfaces/include/sensebeetle_interfaces/sensebeetle_interfaces/msg/detail/dr16_dbus_data__struct.hpp
-- Symlinking: /home/sensebeetlev10/sl_ws/src/sensebeetle-control/rm_serial_driver/install/sensebeetle_interfaces/include/sensebeetle_interfaces/sensebeetle_interfaces/msg/detail/dr16_dbus_data__traits.hpp
-- Symlinking: /home/sensebeetlev10/sl_ws/src/sensebeetle-control/rm_serial_driver/install/sensebeetle_interfaces/include/sensebeetle_interfaces/sensebeetle_interfaces/msg/detail/twist_stamped_to_wheel__builder.hpp
-- Symlinking: /home/sensebeetlev10/sl_ws/src/sensebeetle-control/rm_serial_driver/install/sensebeetle_interfaces/include/sensebeetle_interfaces/sensebeetle_interfaces/msg/detail/twist_stamped_to_wheel__struct.hpp
-- Symlinking: /home/sensebeetlev10/sl_ws/src/sensebeetle-control/rm_serial_driver/install/sensebeetle_interfaces/include/sensebeetle_interfaces/sensebeetle_interfaces/msg/detail/twist_stamped_to_wheel__traits.hpp
-- Symlinking: /home/sensebeetlev10/sl_ws/src/sensebeetle-control/rm_serial_driver/install/sensebeetle_interfaces/include/sensebeetle_interfaces/sensebeetle_interfaces/msg/dr16_dbus_data.hpp
-- Symlinking: /home/sensebeetlev10/sl_ws/src/sensebeetle-control/rm_serial_driver/install/sensebeetle_interfaces/include/sensebeetle_interfaces/sensebeetle_interfaces/msg/twist_stamped_to_wheel.hpp
-- Symlinking: /home/sensebeetlev10/sl_ws/src/sensebeetle-control/rm_serial_driver/install/sensebeetle_interfaces/include/sensebeetle_interfaces/sensebeetle_interfaces/msg/detail/dr16_dbus_data__rosidl_typesupport_fastrtps_cpp.hpp
-- Symlinking: /home/sensebeetlev10/sl_ws/src/sensebeetle-control/rm_serial_driver/install/sensebeetle_interfaces/include/sensebeetle_interfaces/sensebeetle_interfaces/msg/detail/twist_stamped_to_wheel__rosidl_typesupport_fastrtps_cpp.hpp
-- Symlinking: /home/sensebeetlev10/sl_ws/src/sensebeetle-control/rm_serial_driver/install/sensebeetle_interfaces/include/sensebeetle_interfaces/sensebeetle_interfaces/msg/rosidl_typesupport_fastrtps_cpp__visibility_control.h
-- Symlinking: /home/sensebeetlev10/sl_ws/src/sensebeetle-control/rm_serial_driver/install/sensebeetle_interfaces/include/sensebeetle_interfaces/sensebeetle_interfaces/msg/detail/dr16_dbus_data__rosidl_typesupport_introspection_cpp.hpp
-- Symlinking: /home/sensebeetlev10/sl_ws/src/sensebeetle-control/rm_serial_driver/install/sensebeetle_interfaces/include/sensebeetle_interfaces/sensebeetle_interfaces/msg/detail/twist_stamped_to_wheel__rosidl_typesupport_introspection_cpp.hpp
-- Symlinking: /home/sensebeetlev10/sl_ws/src/sensebeetle-control/rm_serial_driver/install/sensebeetle_interfaces/share/sensebeetle_interfaces/environment/pythonpath.sh
-- Symlinking: /home/sensebeetlev10/sl_ws/src/sensebeetle-control/rm_serial_driver/install/sensebeetle_interfaces/share/sensebeetle_interfaces/environment/pythonpath.dsv
-- Symlinking: /home/sensebeetlev10/sl_ws/src/sensebeetle-control/rm_serial_driver/install/sensebeetle_interfaces/local/lib/python3.10/dist-packages/sensebeetle_interfaces-0.0.0-py3.10.egg-info/PKG-INFO
-- Symlinking: /home/sensebeetlev10/sl_ws/src/sensebeetle-control/rm_serial_driver/install/sensebeetle_interfaces/local/lib/python3.10/dist-packages/sensebeetle_interfaces-0.0.0-py3.10.egg-info/SOURCES.txt
-- Symlinking: /home/sensebeetlev10/sl_ws/src/sensebeetle-control/rm_serial_driver/install/sensebeetle_interfaces/local/lib/python3.10/dist-packages/sensebeetle_interfaces-0.0.0-py3.10.egg-info/dependency_links.txt
-- Symlinking: /home/sensebeetlev10/sl_ws/src/sensebeetle-control/rm_serial_driver/install/sensebeetle_interfaces/local/lib/python3.10/dist-packages/sensebeetle_interfaces-0.0.0-py3.10.egg-info/top_level.txt
-- Symlinking: /home/sensebeetlev10/sl_ws/src/sensebeetle-control/rm_serial_driver/install/sensebeetle_interfaces/local/lib/python3.10/dist-packages/sensebeetle_interfaces/__init__.py
-- Symlinking: /home/sensebeetlev10/sl_ws/src/sensebeetle-control/rm_serial_driver/install/sensebeetle_interfaces/local/lib/python3.10/dist-packages/sensebeetle_interfaces/_sensebeetle_interfaces_s.ep.rosidl_typesupport_c.c
-- Symlinking: /home/sensebeetlev10/sl_ws/src/sensebeetle-control/rm_serial_driver/install/sensebeetle_interfaces/local/lib/python3.10/dist-packages/sensebeetle_interfaces/_sensebeetle_interfaces_s.ep.rosidl_typesupport_fastrtps_c.c
-- Symlinking: /home/sensebeetlev10/sl_ws/src/sensebeetle-control/rm_serial_driver/install/sensebeetle_interfaces/local/lib/python3.10/dist-packages/sensebeetle_interfaces/_sensebeetle_interfaces_s.ep.rosidl_typesupport_introspection_c.c
-- Symlinking: /home/sensebeetlev10/sl_ws/src/sensebeetle-control/rm_serial_driver/install/sensebeetle_interfaces/local/lib/python3.10/dist-packages/sensebeetle_interfaces/libsensebeetle_interfaces__rosidl_generator_py.so
-- Symlinking: /home/sensebeetlev10/sl_ws/src/sensebeetle-control/rm_serial_driver/install/sensebeetle_interfaces/local/lib/python3.10/dist-packages/sensebeetle_interfaces/msg/__init__.py
-- Symlinking: /home/sensebeetlev10/sl_ws/src/sensebeetle-control/rm_serial_driver/install/sensebeetle_interfaces/local/lib/python3.10/dist-packages/sensebeetle_interfaces/msg/_dr16_dbus_data.py
-- Symlinking: /home/sensebeetlev10/sl_ws/src/sensebeetle-control/rm_serial_driver/install/sensebeetle_interfaces/local/lib/python3.10/dist-packages/sensebeetle_interfaces/msg/_dr16_dbus_data_s.c
-- Symlinking: /home/sensebeetlev10/sl_ws/src/sensebeetle-control/rm_serial_driver/install/sensebeetle_interfaces/local/lib/python3.10/dist-packages/sensebeetle_interfaces/msg/_twist_stamped_to_wheel.py
-- Symlinking: /home/sensebeetlev10/sl_ws/src/sensebeetle-control/rm_serial_driver/install/sensebeetle_interfaces/local/lib/python3.10/dist-packages/sensebeetle_interfaces/msg/_twist_stamped_to_wheel_s.c
-- Symlinking: /home/sensebeetlev10/sl_ws/src/sensebeetle-control/rm_serial_driver/install/sensebeetle_interfaces/local/lib/python3.10/dist-packages/sensebeetle_interfaces/sensebeetle_interfaces_s__rosidl_typesupport_c.cpython-310-aarch64-linux-gnu.so
-- Symlinking: /home/sensebeetlev10/sl_ws/src/sensebeetle-control/rm_serial_driver/install/sensebeetle_interfaces/local/lib/python3.10/dist-packages/sensebeetle_interfaces/sensebeetle_interfaces_s__rosidl_typesupport_fastrtps_c.cpython-310-aarch64-linux-gnu.so
-- Symlinking: /home/sensebeetlev10/sl_ws/src/sensebeetle-control/rm_serial_driver/install/sensebeetle_interfaces/local/lib/python3.10/dist-packages/sensebeetle_interfaces/sensebeetle_interfaces_s__rosidl_typesupport_introspection_c.cpython-310-aarch64-linux-gnu.so
-- Up-to-date symlink: /home/sensebeetlev10/sl_ws/src/sensebeetle-control/rm_serial_driver/install/sensebeetle_interfaces/local/lib/python3.10/dist-packages/sensebeetle_interfaces/sensebeetle_interfaces_s__rosidl_typesupport_fastrtps_c.cpython-310-aarch64-linux-gnu.so
-- Up-to-date symlink: /home/sensebeetlev10/sl_ws/src/sensebeetle-control/rm_serial_driver/install/sensebeetle_interfaces/local/lib/python3.10/dist-packages/sensebeetle_interfaces/sensebeetle_interfaces_s__rosidl_typesupport_introspection_c.cpython-310-aarch64-linux-gnu.so
-- Up-to-date symlink: /home/sensebeetlev10/sl_ws/src/sensebeetle-control/rm_serial_driver/install/sensebeetle_interfaces/local/lib/python3.10/dist-packages/sensebeetle_interfaces/sensebeetle_interfaces_s__rosidl_typesupport_c.cpython-310-aarch64-linux-gnu.so
-- Symlinking: /home/sensebeetlev10/sl_ws/src/sensebeetle-control/rm_serial_driver/install/sensebeetle_interfaces/share/sensebeetle_interfaces/msg/TwistStampedToWheel.idl
-- Symlinking: /home/sensebeetlev10/sl_ws/src/sensebeetle-control/rm_serial_driver/install/sensebeetle_interfaces/share/sensebeetle_interfaces/msg/Dr16DbusData.idl
-- Symlinking: /home/sensebeetlev10/sl_ws/src/sensebeetle-control/rm_serial_driver/install/sensebeetle_interfaces/share/sensebeetle_interfaces/msg/TwistStampedToWheel.msg
-- Symlinking: /home/sensebeetlev10/sl_ws/src/sensebeetle-control/rm_serial_driver/install/sensebeetle_interfaces/share/sensebeetle_interfaces/msg/Dr16DbusData.msg
-- Symlinking: /home/sensebeetlev10/sl_ws/src/sensebeetle-control/rm_serial_driver/install/sensebeetle_interfaces/share/ament_index/resource_index/package_run_dependencies/sensebeetle_interfaces
-- Symlinking: /home/sensebeetlev10/sl_ws/src/sensebeetle-control/rm_serial_driver/install/sensebeetle_interfaces/share/ament_index/resource_index/parent_prefix_path/sensebeetle_interfaces
-- Symlinking: /home/sensebeetlev10/sl_ws/src/sensebeetle-control/rm_serial_driver/install/sensebeetle_interfaces/share/sensebeetle_interfaces/environment/ament_prefix_path.sh
-- Symlinking: /home/sensebeetlev10/sl_ws/src/sensebeetle-control/rm_serial_driver/install/sensebeetle_interfaces/share/sensebeetle_interfaces/environment/ament_prefix_path.dsv
-- Symlinking: /home/sensebeetlev10/sl_ws/src/sensebeetle-control/rm_serial_driver/install/sensebeetle_interfaces/share/sensebeetle_interfaces/environment/path.sh
-- Symlinking: /home/sensebeetlev10/sl_ws/src/sensebeetle-control/rm_serial_driver/install/sensebeetle_interfaces/share/sensebeetle_interfaces/environment/path.dsv
-- Symlinking: /home/sensebeetlev10/sl_ws/src/sensebeetle-control/rm_serial_driver/install/sensebeetle_interfaces/share/sensebeetle_interfaces/local_setup.bash
-- Symlinking: /home/sensebeetlev10/sl_ws/src/sensebeetle-control/rm_serial_driver/install/sensebeetle_interfaces/share/sensebeetle_interfaces/local_setup.sh
-- Symlinking: /home/sensebeetlev10/sl_ws/src/sensebeetle-control/rm_serial_driver/install/sensebeetle_interfaces/share/sensebeetle_interfaces/local_setup.zsh
-- Symlinking: /home/sensebeetlev10/sl_ws/src/sensebeetle-control/rm_serial_driver/install/sensebeetle_interfaces/share/sensebeetle_interfaces/local_setup.dsv
-- Symlinking: /home/sensebeetlev10/sl_ws/src/sensebeetle-control/rm_serial_driver/install/sensebeetle_interfaces/share/sensebeetle_interfaces/package.dsv
-- Symlinking: /home/sensebeetlev10/sl_ws/src/sensebeetle-control/rm_serial_driver/install/sensebeetle_interfaces/share/ament_index/resource_index/packages/sensebeetle_interfaces
-- Symlinking: /home/sensebeetlev10/sl_ws/src/sensebeetle-control/rm_serial_driver/install/sensebeetle_interfaces/share/sensebeetle_interfaces/cmake/rosidl_cmake-extras.cmake
-- Symlinking: /home/sensebeetlev10/sl_ws/src/sensebeetle-control/rm_serial_driver/install/sensebeetle_interfaces/share/sensebeetle_interfaces/cmake/ament_cmake_export_dependencies-extras.cmake
-- Symlinking: /home/sensebeetlev10/sl_ws/src/sensebeetle-control/rm_serial_driver/install/sensebeetle_interfaces/share/sensebeetle_interfaces/cmake/ament_cmake_export_include_directories-extras.cmake
-- Symlinking: /home/sensebeetlev10/sl_ws/src/sensebeetle-control/rm_serial_driver/install/sensebeetle_interfaces/share/sensebeetle_interfaces/cmake/ament_cmake_export_libraries-extras.cmake
-- Symlinking: /home/sensebeetlev10/sl_ws/src/sensebeetle-control/rm_serial_driver/install/sensebeetle_interfaces/share/sensebeetle_interfaces/cmake/ament_cmake_export_targets-extras.cmake
-- Symlinking: /home/sensebeetlev10/sl_ws/src/sensebeetle-control/rm_serial_driver/install/sensebeetle_interfaces/share/sensebeetle_interfaces/cmake/rosidl_cmake_export_typesupport_targets-extras.cmake
-- Symlinking: /home/sensebeetlev10/sl_ws/src/sensebeetle-control/rm_serial_driver/install/sensebeetle_interfaces/share/sensebeetle_interfaces/cmake/rosidl_cmake_export_typesupport_libraries-extras.cmake
-- Symlinking: /home/sensebeetlev10/sl_ws/src/sensebeetle-control/rm_serial_driver/install/sensebeetle_interfaces/share/sensebeetle_interfaces/cmake/sensebeetle_interfacesConfig.cmake
-- Symlinking: /home/sensebeetlev10/sl_ws/src/sensebeetle-control/rm_serial_driver/install/sensebeetle_interfaces/share/sensebeetle_interfaces/cmake/sensebeetle_interfacesConfig-version.cmake
-- Symlinking: /home/sensebeetlev10/sl_ws/src/sensebeetle-control/rm_serial_driver/install/sensebeetle_interfaces/share/sensebeetle_interfaces/package.xml
-- Installing: /home/sensebeetlev10/sl_ws/src/sensebeetle-control/rm_serial_driver/install/sensebeetle_interfaces/lib/libsensebeetle_interfaces__rosidl_generator_c.so
-- Set runtime path of "/home/sensebeetlev10/sl_ws/src/sensebeetle-control/rm_serial_driver/install/sensebeetle_interfaces/lib/libsensebeetle_interfaces__rosidl_generator_c.so" to ""
-- Installing: /home/sensebeetlev10/sl_ws/src/sensebeetle-control/rm_serial_driver/install/sensebeetle_interfaces/lib/libsensebeetle_interfaces__rosidl_typesupport_fastrtps_c.so
-- Set runtime path of "/home/sensebeetlev10/sl_ws/src/sensebeetle-control/rm_serial_driver/install/sensebeetle_interfaces/lib/libsensebeetle_interfaces__rosidl_typesupport_fastrtps_c.so" to ""
-- Installing: /home/sensebeetlev10/sl_ws/src/sensebeetle-control/rm_serial_driver/install/sensebeetle_interfaces/lib/libsensebeetle_interfaces__rosidl_typesupport_introspection_c.so
-- Set runtime path of "/home/sensebeetlev10/sl_ws/src/sensebeetle-control/rm_serial_driver/install/sensebeetle_interfaces/lib/libsensebeetle_interfaces__rosidl_typesupport_introspection_c.so" to ""
-- Installing: /home/sensebeetlev10/sl_ws/src/sensebeetle-control/rm_serial_driver/install/sensebeetle_interfaces/lib/libsensebeetle_interfaces__rosidl_typesupport_c.so
-- Set runtime path of "/home/sensebeetlev10/sl_ws/src/sensebeetle-control/rm_serial_driver/install/sensebeetle_interfaces/lib/libsensebeetle_interfaces__rosidl_typesupport_c.so" to ""
-- Installing: /home/sensebeetlev10/sl_ws/src/sensebeetle-control/rm_serial_driver/install/sensebeetle_interfaces/lib/libsensebeetle_interfaces__rosidl_typesupport_fastrtps_cpp.so
-- Set runtime path of "/home/sensebeetlev10/sl_ws/src/sensebeetle-control/rm_serial_driver/install/sensebeetle_interfaces/lib/libsensebeetle_interfaces__rosidl_typesupport_fastrtps_cpp.so" to ""
-- Installing: /home/sensebeetlev10/sl_ws/src/sensebeetle-control/rm_serial_driver/install/sensebeetle_interfaces/lib/libsensebeetle_interfaces__rosidl_typesupport_introspection_cpp.so
-- Set runtime path of "/home/sensebeetlev10/sl_ws/src/sensebeetle-control/rm_serial_driver/install/sensebeetle_interfaces/lib/libsensebeetle_interfaces__rosidl_typesupport_introspection_cpp.so" to ""
-- Installing: /home/sensebeetlev10/sl_ws/src/sensebeetle-control/rm_serial_driver/install/sensebeetle_interfaces/lib/libsensebeetle_interfaces__rosidl_typesupport_cpp.so
-- Set runtime path of "/home/sensebeetlev10/sl_ws/src/sensebeetle-control/rm_serial_driver/install/sensebeetle_interfaces/lib/libsensebeetle_interfaces__rosidl_typesupport_cpp.so" to ""
Listing '/home/sensebeetlev10/sl_ws/src/sensebeetle-control/rm_serial_driver/install/sensebeetle_interfaces/local/lib/python3.10/dist-packages/sensebeetle_interfaces'...
Compiling '/home/sensebeetlev10/sl_ws/src/sensebeetle-control/rm_serial_driver/install/sensebeetle_interfaces/local/lib/python3.10/dist-packages/sensebeetle_interfaces/__init__.py'...
Listing '/home/sensebeetlev10/sl_ws/src/sensebeetle-control/rm_serial_driver/install/sensebeetle_interfaces/local/lib/python3.10/dist-packages/sensebeetle_interfaces/msg'...
Compiling '/home/sensebeetlev10/sl_ws/src/sensebeetle-control/rm_serial_driver/install/sensebeetle_interfaces/local/lib/python3.10/dist-packages/sensebeetle_interfaces/msg/__init__.py'...
Compiling '/home/sensebeetlev10/sl_ws/src/sensebeetle-control/rm_serial_driver/install/sensebeetle_interfaces/local/lib/python3.10/dist-packages/sensebeetle_interfaces/msg/_dr16_dbus_data.py'...
Compiling '/home/sensebeetlev10/sl_ws/src/sensebeetle-control/rm_serial_driver/install/sensebeetle_interfaces/local/lib/python3.10/dist-packages/sensebeetle_interfaces/msg/_twist_stamped_to_wheel.py'...
-- Installing: /home/sensebeetlev10/sl_ws/src/sensebeetle-control/rm_serial_driver/install/sensebeetle_interfaces/lib/libsensebeetle_interfaces__rosidl_generator_py.so
-- Set runtime path of "/home/sensebeetlev10/sl_ws/src/sensebeetle-control/rm_serial_driver/install/sensebeetle_interfaces/lib/libsensebeetle_interfaces__rosidl_generator_py.so" to ""
-- Installing: /home/sensebeetlev10/sl_ws/src/sensebeetle-control/rm_serial_driver/install/sensebeetle_interfaces/share/sensebeetle_interfaces/cmake/export_sensebeetle_interfaces__rosidl_generator_cExport.cmake
-- Installing: /home/sensebeetlev10/sl_ws/src/sensebeetle-control/rm_serial_driver/install/sensebeetle_interfaces/share/sensebeetle_interfaces/cmake/export_sensebeetle_interfaces__rosidl_generator_cExport-relwithdebinfo.cmake
-- Installing: /home/sensebeetlev10/sl_ws/src/sensebeetle-control/rm_serial_driver/install/sensebeetle_interfaces/share/sensebeetle_interfaces/cmake/export_sensebeetle_interfaces__rosidl_typesupport_fastrtps_cExport.cmake
-- Installing: /home/sensebeetlev10/sl_ws/src/sensebeetle-control/rm_serial_driver/install/sensebeetle_interfaces/share/sensebeetle_interfaces/cmake/export_sensebeetle_interfaces__rosidl_typesupport_fastrtps_cExport-relwithdebinfo.cmake
-- Installing: /home/sensebeetlev10/sl_ws/src/sensebeetle-control/rm_serial_driver/install/sensebeetle_interfaces/share/sensebeetle_interfaces/cmake/sensebeetle_interfaces__rosidl_typesupport_introspection_cExport.cmake
-- Installing: /home/sensebeetlev10/sl_ws/src/sensebeetle-control/rm_serial_driver/install/sensebeetle_interfaces/share/sensebeetle_interfaces/cmake/sensebeetle_interfaces__rosidl_typesupport_introspection_cExport-relwithdebinfo.cmake
-- Installing: /home/sensebeetlev10/sl_ws/src/sensebeetle-control/rm_serial_driver/install/sensebeetle_interfaces/share/sensebeetle_interfaces/cmake/sensebeetle_interfaces__rosidl_typesupport_cExport.cmake
-- Installing: /home/sensebeetlev10/sl_ws/src/sensebeetle-control/rm_serial_driver/install/sensebeetle_interfaces/share/sensebeetle_interfaces/cmake/sensebeetle_interfaces__rosidl_typesupport_cExport-relwithdebinfo.cmake
-- Installing: /home/sensebeetlev10/sl_ws/src/sensebeetle-control/rm_serial_driver/install/sensebeetle_interfaces/share/sensebeetle_interfaces/cmake/export_sensebeetle_interfaces__rosidl_generator_cppExport.cmake
-- Installing: /home/sensebeetlev10/sl_ws/src/sensebeetle-control/rm_serial_driver/install/sensebeetle_interfaces/share/sensebeetle_interfaces/cmake/export_sensebeetle_interfaces__rosidl_typesupport_fastrtps_cppExport.cmake
-- Installing: /home/sensebeetlev10/sl_ws/src/sensebeetle-control/rm_serial_driver/install/sensebeetle_interfaces/share/sensebeetle_interfaces/cmake/export_sensebeetle_interfaces__rosidl_typesupport_fastrtps_cppExport-relwithdebinfo.cmake
-- Installing: /home/sensebeetlev10/sl_ws/src/sensebeetle-control/rm_serial_driver/install/sensebeetle_interfaces/share/sensebeetle_interfaces/cmake/sensebeetle_interfaces__rosidl_typesupport_introspection_cppExport.cmake
-- Installing: /home/sensebeetlev10/sl_ws/src/sensebeetle-control/rm_serial_driver/install/sensebeetle_interfaces/share/sensebeetle_interfaces/cmake/sensebeetle_interfaces__rosidl_typesupport_introspection_cppExport-relwithdebinfo.cmake
-- Installing: /home/sensebeetlev10/sl_ws/src/sensebeetle-control/rm_serial_driver/install/sensebeetle_interfaces/share/sensebeetle_interfaces/cmake/sensebeetle_interfaces__rosidl_typesupport_cppExport.cmake
-- Installing: /home/sensebeetlev10/sl_ws/src/sensebeetle-control/rm_serial_driver/install/sensebeetle_interfaces/share/sensebeetle_interfaces/cmake/sensebeetle_interfaces__rosidl_typesupport_cppExport-relwithdebinfo.cmake
-- Installing: /home/sensebeetlev10/sl_ws/src/sensebeetle-control/rm_serial_driver/install/sensebeetle_interfaces/share/sensebeetle_interfaces/cmake/export_sensebeetle_interfaces__rosidl_generator_pyExport.cmake
-- Installing: /home/sensebeetlev10/sl_ws/src/sensebeetle-control/rm_serial_driver/install/sensebeetle_interfaces/share/sensebeetle_interfaces/cmake/export_sensebeetle_interfaces__rosidl_generator_pyExport-relwithdebinfo.cmake
