[0.412s] DEBUG:colcon:Command line arguments: ['/usr/bin/colcon', 'build', '--symlink-install', '--event-handlers', 'console_cohesion+', '--base-paths', '/home/sensebeetlev10/sl_ws', '--cmake-args', '-DCMAKE_BUILD_TYPE=RelWithDebInfo']
[0.412s] DEBUG:colcon:Parsed command line arguments: Namespace(log_base=None, log_level=None, verb_name='build', build_base='build', install_base='install', merge_install=False, symlink_install=True, test_result_base=None, continue_on_error=False, executor='parallel', parallel_workers=8, event_handlers=['console_cohesion+'], ignore_user_meta=False, metas=['./colcon.meta'], base_paths=['/home/sensebeetlev10/sl_ws'], packages_ignore=None, packages_ignore_regex=None, paths=None, packages_up_to=None, packages_up_to_regex=None, packages_above=None, packages_above_and_dependencies=None, packages_above_depth=None, packages_select_by_dep=None, packages_skip_by_dep=None, packages_skip_up_to=None, packages_select_build_failed=False, packages_skip_build_finished=False, packages_select_test_failures=False, packages_skip_test_passed=False, packages_select=None, packages_skip=None, packages_select_regex=None, packages_skip_regex=None, packages_start=None, packages_end=None, allow_overriding=[], cmake_args=['-DCMAKE_BUILD_TYPE=RelWithDebInfo'], cmake_target=None, cmake_target_skip_unavailable=False, cmake_clean_cache=False, cmake_clean_first=False, cmake_force_configure=False, ament_cmake_args=None, catkin_cmake_args=None, catkin_skip_building_tests=False, verb_parser=<colcon_defaults.argument_parser.defaults.DefaultArgumentsDecorator object at 0xffffaa0a7fd0>, verb_extension=<colcon_core.verb.build.BuildVerb object at 0xffffaa0a7a30>, main=<bound method BuildVerb.main of <colcon_core.verb.build.BuildVerb object at 0xffffaa0a7a30>>)
[0.631s] Level 1:colcon.colcon_core.package_discovery:discover_packages(colcon_meta) check parameters
[0.631s] Level 1:colcon.colcon_core.package_discovery:discover_packages(recursive) check parameters
[0.631s] Level 1:colcon.colcon_core.package_discovery:discover_packages(ignore) check parameters
[0.631s] Level 1:colcon.colcon_core.package_discovery:discover_packages(path) check parameters
[0.631s] Level 1:colcon.colcon_core.package_discovery:discover_packages(recursive) discover
[0.631s] INFO:colcon.colcon_core.package_discovery:Crawling recursively for packages in '/home/sensebeetlev10/sl_ws'
[0.631s] Level 1:colcon.colcon_core.package_identification:_identify(/home/sensebeetlev10/sl_ws) by extensions ['ignore', 'ignore_ament_install']
[0.631s] Level 1:colcon.colcon_core.package_identification:_identify(/home/sensebeetlev10/sl_ws) by extension 'ignore'
[0.632s] Level 1:colcon.colcon_core.package_identification:_identify(/home/sensebeetlev10/sl_ws) by extension 'ignore_ament_install'
[0.632s] Level 1:colcon.colcon_core.package_identification:_identify(/home/sensebeetlev10/sl_ws) by extensions ['colcon_pkg']
[0.632s] Level 1:colcon.colcon_core.package_identification:_identify(/home/sensebeetlev10/sl_ws) by extension 'colcon_pkg'
[0.632s] Level 1:colcon.colcon_core.package_identification:_identify(/home/sensebeetlev10/sl_ws) by extensions ['colcon_meta']
[0.632s] Level 1:colcon.colcon_core.package_identification:_identify(/home/sensebeetlev10/sl_ws) by extension 'colcon_meta'
[0.632s] Level 1:colcon.colcon_core.package_identification:_identify(/home/sensebeetlev10/sl_ws) by extensions ['ros']
[0.632s] Level 1:colcon.colcon_core.package_identification:_identify(/home/sensebeetlev10/sl_ws) by extension 'ros'
[0.648s] Level 1:colcon.colcon_core.package_identification:_identify(/home/sensebeetlev10/sl_ws) by extensions ['cmake', 'python']
[0.648s] Level 1:colcon.colcon_core.package_identification:_identify(/home/sensebeetlev10/sl_ws) by extension 'cmake'
[0.648s] Level 1:colcon.colcon_core.package_identification:_identify(/home/sensebeetlev10/sl_ws) by extension 'python'
[0.648s] Level 1:colcon.colcon_core.package_identification:_identify(/home/sensebeetlev10/sl_ws) by extensions ['python_setup_py']
[0.648s] Level 1:colcon.colcon_core.package_identification:_identify(/home/sensebeetlev10/sl_ws) by extension 'python_setup_py'
[0.649s] Level 1:colcon.colcon_core.package_identification:_identify(/home/sensebeetlev10/sl_ws/build) by extensions ['ignore', 'ignore_ament_install']
[0.649s] Level 1:colcon.colcon_core.package_identification:_identify(/home/sensebeetlev10/sl_ws/build) by extension 'ignore'
[0.649s] Level 1:colcon.colcon_core.package_identification:_identify(/home/sensebeetlev10/sl_ws/build) ignored
[0.649s] Level 1:colcon.colcon_core.package_identification:_identify(/home/sensebeetlev10/sl_ws/install) by extensions ['ignore', 'ignore_ament_install']
[0.649s] Level 1:colcon.colcon_core.package_identification:_identify(/home/sensebeetlev10/sl_ws/install) by extension 'ignore'
[0.649s] Level 1:colcon.colcon_core.package_identification:_identify(/home/sensebeetlev10/sl_ws/install) ignored
[0.649s] Level 1:colcon.colcon_core.package_identification:_identify(/home/sensebeetlev10/sl_ws/log) by extensions ['ignore', 'ignore_ament_install']
[0.649s] Level 1:colcon.colcon_core.package_identification:_identify(/home/sensebeetlev10/sl_ws/log) by extension 'ignore'
[0.649s] Level 1:colcon.colcon_core.package_identification:_identify(/home/sensebeetlev10/sl_ws/log) ignored
[0.650s] Level 1:colcon.colcon_core.package_identification:_identify(/home/sensebeetlev10/sl_ws/src) by extensions ['ignore', 'ignore_ament_install']
[0.650s] Level 1:colcon.colcon_core.package_identification:_identify(/home/sensebeetlev10/sl_ws/src) by extension 'ignore'
[0.650s] Level 1:colcon.colcon_core.package_identification:_identify(/home/sensebeetlev10/sl_ws/src) by extension 'ignore_ament_install'
[0.650s] Level 1:colcon.colcon_core.package_identification:_identify(/home/sensebeetlev10/sl_ws/src) by extensions ['colcon_pkg']
[0.650s] Level 1:colcon.colcon_core.package_identification:_identify(/home/sensebeetlev10/sl_ws/src) by extension 'colcon_pkg'
[0.650s] Level 1:colcon.colcon_core.package_identification:_identify(/home/sensebeetlev10/sl_ws/src) by extensions ['colcon_meta']
[0.650s] Level 1:colcon.colcon_core.package_identification:_identify(/home/sensebeetlev10/sl_ws/src) by extension 'colcon_meta'
[0.650s] Level 1:colcon.colcon_core.package_identification:_identify(/home/sensebeetlev10/sl_ws/src) by extensions ['ros']
[0.650s] Level 1:colcon.colcon_core.package_identification:_identify(/home/sensebeetlev10/sl_ws/src) by extension 'ros'
[0.650s] Level 1:colcon.colcon_core.package_identification:_identify(/home/sensebeetlev10/sl_ws/src) by extensions ['cmake', 'python']
[0.650s] Level 1:colcon.colcon_core.package_identification:_identify(/home/sensebeetlev10/sl_ws/src) by extension 'cmake'
[0.650s] Level 1:colcon.colcon_core.package_identification:_identify(/home/sensebeetlev10/sl_ws/src) by extension 'python'
[0.650s] Level 1:colcon.colcon_core.package_identification:_identify(/home/sensebeetlev10/sl_ws/src) by extensions ['python_setup_py']
[0.650s] Level 1:colcon.colcon_core.package_identification:_identify(/home/sensebeetlev10/sl_ws/src) by extension 'python_setup_py'
[0.650s] Level 1:colcon.colcon_core.package_identification:_identify(/home/sensebeetlev10/sl_ws/src/sensebeetle-control) by extensions ['ignore', 'ignore_ament_install']
[0.651s] Level 1:colcon.colcon_core.package_identification:_identify(/home/sensebeetlev10/sl_ws/src/sensebeetle-control) by extension 'ignore'
[0.651s] Level 1:colcon.colcon_core.package_identification:_identify(/home/sensebeetlev10/sl_ws/src/sensebeetle-control) by extension 'ignore_ament_install'
[0.651s] Level 1:colcon.colcon_core.package_identification:_identify(/home/sensebeetlev10/sl_ws/src/sensebeetle-control) by extensions ['colcon_pkg']
[0.651s] Level 1:colcon.colcon_core.package_identification:_identify(/home/sensebeetlev10/sl_ws/src/sensebeetle-control) by extension 'colcon_pkg'
[0.651s] Level 1:colcon.colcon_core.package_identification:_identify(/home/sensebeetlev10/sl_ws/src/sensebeetle-control) by extensions ['colcon_meta']
[0.651s] Level 1:colcon.colcon_core.package_identification:_identify(/home/sensebeetlev10/sl_ws/src/sensebeetle-control) by extension 'colcon_meta'
[0.651s] Level 1:colcon.colcon_core.package_identification:_identify(/home/sensebeetlev10/sl_ws/src/sensebeetle-control) by extensions ['ros']
[0.651s] Level 1:colcon.colcon_core.package_identification:_identify(/home/sensebeetlev10/sl_ws/src/sensebeetle-control) by extension 'ros'
[0.651s] Level 1:colcon.colcon_core.package_identification:_identify(/home/sensebeetlev10/sl_ws/src/sensebeetle-control) by extensions ['cmake', 'python']
[0.651s] Level 1:colcon.colcon_core.package_identification:_identify(/home/sensebeetlev10/sl_ws/src/sensebeetle-control) by extension 'cmake'
[0.651s] Level 1:colcon.colcon_core.package_identification:_identify(/home/sensebeetlev10/sl_ws/src/sensebeetle-control) by extension 'python'
[0.651s] Level 1:colcon.colcon_core.package_identification:_identify(/home/sensebeetlev10/sl_ws/src/sensebeetle-control) by extensions ['python_setup_py']
[0.651s] Level 1:colcon.colcon_core.package_identification:_identify(/home/sensebeetlev10/sl_ws/src/sensebeetle-control) by extension 'python_setup_py'
[0.651s] Level 1:colcon.colcon_core.package_identification:_identify(/home/sensebeetlev10/sl_ws/src/sensebeetle-control/dr16_dbus) by extensions ['ignore', 'ignore_ament_install']
[0.651s] Level 1:colcon.colcon_core.package_identification:_identify(/home/sensebeetlev10/sl_ws/src/sensebeetle-control/dr16_dbus) by extension 'ignore'
[0.651s] Level 1:colcon.colcon_core.package_identification:_identify(/home/sensebeetlev10/sl_ws/src/sensebeetle-control/dr16_dbus) by extension 'ignore_ament_install'
[0.651s] Level 1:colcon.colcon_core.package_identification:_identify(/home/sensebeetlev10/sl_ws/src/sensebeetle-control/dr16_dbus) by extensions ['colcon_pkg']
[0.652s] Level 1:colcon.colcon_core.package_identification:_identify(/home/sensebeetlev10/sl_ws/src/sensebeetle-control/dr16_dbus) by extension 'colcon_pkg'
[0.652s] Level 1:colcon.colcon_core.package_identification:_identify(/home/sensebeetlev10/sl_ws/src/sensebeetle-control/dr16_dbus) by extensions ['colcon_meta']
[0.652s] Level 1:colcon.colcon_core.package_identification:_identify(/home/sensebeetlev10/sl_ws/src/sensebeetle-control/dr16_dbus) by extension 'colcon_meta'
[0.652s] Level 1:colcon.colcon_core.package_identification:_identify(/home/sensebeetlev10/sl_ws/src/sensebeetle-control/dr16_dbus) by extensions ['ros']
[0.652s] Level 1:colcon.colcon_core.package_identification:_identify(/home/sensebeetlev10/sl_ws/src/sensebeetle-control/dr16_dbus) by extension 'ros'
[0.656s] DEBUG:colcon.colcon_core.package_identification:Package '/home/sensebeetlev10/sl_ws/src/sensebeetle-control/dr16_dbus' with type 'ros.ament_cmake' and name 'dr16_dbus'
[0.656s] Level 1:colcon.colcon_core.package_identification:_identify(/home/sensebeetlev10/sl_ws/src/sensebeetle-control/rm_serial_driver) by extensions ['ignore', 'ignore_ament_install']
[0.657s] Level 1:colcon.colcon_core.package_identification:_identify(/home/sensebeetlev10/sl_ws/src/sensebeetle-control/rm_serial_driver) by extension 'ignore'
[0.657s] Level 1:colcon.colcon_core.package_identification:_identify(/home/sensebeetlev10/sl_ws/src/sensebeetle-control/rm_serial_driver) by extension 'ignore_ament_install'
[0.657s] Level 1:colcon.colcon_core.package_identification:_identify(/home/sensebeetlev10/sl_ws/src/sensebeetle-control/rm_serial_driver) by extensions ['colcon_pkg']
[0.657s] Level 1:colcon.colcon_core.package_identification:_identify(/home/sensebeetlev10/sl_ws/src/sensebeetle-control/rm_serial_driver) by extension 'colcon_pkg'
[0.657s] Level 1:colcon.colcon_core.package_identification:_identify(/home/sensebeetlev10/sl_ws/src/sensebeetle-control/rm_serial_driver) by extensions ['colcon_meta']
[0.657s] Level 1:colcon.colcon_core.package_identification:_identify(/home/sensebeetlev10/sl_ws/src/sensebeetle-control/rm_serial_driver) by extension 'colcon_meta'
[0.657s] Level 1:colcon.colcon_core.package_identification:_identify(/home/sensebeetlev10/sl_ws/src/sensebeetle-control/rm_serial_driver) by extensions ['ros']
[0.657s] Level 1:colcon.colcon_core.package_identification:_identify(/home/sensebeetlev10/sl_ws/src/sensebeetle-control/rm_serial_driver) by extension 'ros'
[0.658s] DEBUG:colcon.colcon_core.package_identification:Package '/home/sensebeetlev10/sl_ws/src/sensebeetle-control/rm_serial_driver' with type 'ros.ament_cmake' and name 'rm_serial_driver'
[0.659s] Level 1:colcon.colcon_core.package_identification:_identify(/home/sensebeetlev10/sl_ws/src/sensebeetle-control/sensebeetle_interfaces) by extensions ['ignore', 'ignore_ament_install']
[0.659s] Level 1:colcon.colcon_core.package_identification:_identify(/home/sensebeetlev10/sl_ws/src/sensebeetle-control/sensebeetle_interfaces) by extension 'ignore'
[0.659s] Level 1:colcon.colcon_core.package_identification:_identify(/home/sensebeetlev10/sl_ws/src/sensebeetle-control/sensebeetle_interfaces) by extension 'ignore_ament_install'
[0.659s] Level 1:colcon.colcon_core.package_identification:_identify(/home/sensebeetlev10/sl_ws/src/sensebeetle-control/sensebeetle_interfaces) by extensions ['colcon_pkg']
[0.659s] Level 1:colcon.colcon_core.package_identification:_identify(/home/sensebeetlev10/sl_ws/src/sensebeetle-control/sensebeetle_interfaces) by extension 'colcon_pkg'
[0.659s] Level 1:colcon.colcon_core.package_identification:_identify(/home/sensebeetlev10/sl_ws/src/sensebeetle-control/sensebeetle_interfaces) by extensions ['colcon_meta']
[0.659s] Level 1:colcon.colcon_core.package_identification:_identify(/home/sensebeetlev10/sl_ws/src/sensebeetle-control/sensebeetle_interfaces) by extension 'colcon_meta'
[0.659s] Level 1:colcon.colcon_core.package_identification:_identify(/home/sensebeetlev10/sl_ws/src/sensebeetle-control/sensebeetle_interfaces) by extensions ['ros']
[0.659s] Level 1:colcon.colcon_core.package_identification:_identify(/home/sensebeetlev10/sl_ws/src/sensebeetle-control/sensebeetle_interfaces) by extension 'ros'
[0.660s] DEBUG:colcon.colcon_core.package_identification:Package '/home/sensebeetlev10/sl_ws/src/sensebeetle-control/sensebeetle_interfaces' with type 'ros.ament_cmake' and name 'sensebeetle_interfaces'
[0.660s] Level 1:colcon.colcon_core.package_discovery:discover_packages(recursive) using defaults
[0.686s] Level 1:colcon.colcon_core.package_discovery:discover_packages(prefix_path) check parameters
[0.686s] Level 1:colcon.colcon_core.package_discovery:discover_packages(prefix_path) discover
[0.688s] DEBUG:colcon.colcon_installed_package_information.package_discovery:Found 3 installed packages in /home/sensebeetlev10/sl_ws/install
[0.690s] DEBUG:colcon.colcon_installed_package_information.package_discovery:Found 311 installed packages in /opt/ros/humble
[0.716s] Level 1:colcon.colcon_core.package_discovery:discover_packages(prefix_path) using defaults
[0.771s] Level 5:colcon.colcon_core.verb:set package 'sensebeetle_interfaces' build argument 'cmake_args' from command line to '['-DCMAKE_BUILD_TYPE=RelWithDebInfo']'
[0.771s] Level 5:colcon.colcon_core.verb:set package 'sensebeetle_interfaces' build argument 'cmake_target' from command line to 'None'
[0.771s] Level 5:colcon.colcon_core.verb:set package 'sensebeetle_interfaces' build argument 'cmake_target_skip_unavailable' from command line to 'False'
[0.771s] Level 5:colcon.colcon_core.verb:set package 'sensebeetle_interfaces' build argument 'cmake_clean_cache' from command line to 'False'
[0.771s] Level 5:colcon.colcon_core.verb:set package 'sensebeetle_interfaces' build argument 'cmake_clean_first' from command line to 'False'
[0.771s] Level 5:colcon.colcon_core.verb:set package 'sensebeetle_interfaces' build argument 'cmake_force_configure' from command line to 'False'
[0.772s] Level 5:colcon.colcon_core.verb:set package 'sensebeetle_interfaces' build argument 'ament_cmake_args' from command line to 'None'
[0.772s] Level 5:colcon.colcon_core.verb:set package 'sensebeetle_interfaces' build argument 'catkin_cmake_args' from command line to 'None'
[0.772s] Level 5:colcon.colcon_core.verb:set package 'sensebeetle_interfaces' build argument 'catkin_skip_building_tests' from command line to 'False'
[0.772s] DEBUG:colcon.colcon_core.verb:Building package 'sensebeetle_interfaces' with the following arguments: {'ament_cmake_args': None, 'build_base': '/home/sensebeetlev10/sl_ws/src/sensebeetle-control/rm_serial_driver/build/sensebeetle_interfaces', 'catkin_cmake_args': None, 'catkin_skip_building_tests': False, 'cmake_args': ['-DCMAKE_BUILD_TYPE=RelWithDebInfo'], 'cmake_clean_cache': False, 'cmake_clean_first': False, 'cmake_force_configure': False, 'cmake_target': None, 'cmake_target_skip_unavailable': False, 'install_base': '/home/sensebeetlev10/sl_ws/src/sensebeetle-control/rm_serial_driver/install/sensebeetle_interfaces', 'merge_install': False, 'path': '/home/sensebeetlev10/sl_ws/src/sensebeetle-control/sensebeetle_interfaces', 'symlink_install': True, 'test_result_base': None}
[0.772s] Level 5:colcon.colcon_core.verb:set package 'dr16_dbus' build argument 'cmake_args' from command line to '['-DCMAKE_BUILD_TYPE=RelWithDebInfo']'
[0.772s] Level 5:colcon.colcon_core.verb:set package 'dr16_dbus' build argument 'cmake_target' from command line to 'None'
[0.772s] Level 5:colcon.colcon_core.verb:set package 'dr16_dbus' build argument 'cmake_target_skip_unavailable' from command line to 'False'
[0.772s] Level 5:colcon.colcon_core.verb:set package 'dr16_dbus' build argument 'cmake_clean_cache' from command line to 'False'
[0.772s] Level 5:colcon.colcon_core.verb:set package 'dr16_dbus' build argument 'cmake_clean_first' from command line to 'False'
[0.772s] Level 5:colcon.colcon_core.verb:set package 'dr16_dbus' build argument 'cmake_force_configure' from command line to 'False'
[0.772s] Level 5:colcon.colcon_core.verb:set package 'dr16_dbus' build argument 'ament_cmake_args' from command line to 'None'
[0.772s] Level 5:colcon.colcon_core.verb:set package 'dr16_dbus' build argument 'catkin_cmake_args' from command line to 'None'
[0.772s] Level 5:colcon.colcon_core.verb:set package 'dr16_dbus' build argument 'catkin_skip_building_tests' from command line to 'False'
[0.772s] DEBUG:colcon.colcon_core.verb:Building package 'dr16_dbus' with the following arguments: {'ament_cmake_args': None, 'build_base': '/home/sensebeetlev10/sl_ws/src/sensebeetle-control/rm_serial_driver/build/dr16_dbus', 'catkin_cmake_args': None, 'catkin_skip_building_tests': False, 'cmake_args': ['-DCMAKE_BUILD_TYPE=RelWithDebInfo'], 'cmake_clean_cache': False, 'cmake_clean_first': False, 'cmake_force_configure': False, 'cmake_target': None, 'cmake_target_skip_unavailable': False, 'install_base': '/home/sensebeetlev10/sl_ws/src/sensebeetle-control/rm_serial_driver/install/dr16_dbus', 'merge_install': False, 'path': '/home/sensebeetlev10/sl_ws/src/sensebeetle-control/dr16_dbus', 'symlink_install': True, 'test_result_base': None}
[0.773s] Level 5:colcon.colcon_core.verb:set package 'rm_serial_driver' build argument 'cmake_args' from command line to '['-DCMAKE_BUILD_TYPE=RelWithDebInfo']'
[0.773s] Level 5:colcon.colcon_core.verb:set package 'rm_serial_driver' build argument 'cmake_target' from command line to 'None'
[0.773s] Level 5:colcon.colcon_core.verb:set package 'rm_serial_driver' build argument 'cmake_target_skip_unavailable' from command line to 'False'
[0.773s] Level 5:colcon.colcon_core.verb:set package 'rm_serial_driver' build argument 'cmake_clean_cache' from command line to 'False'
[0.773s] Level 5:colcon.colcon_core.verb:set package 'rm_serial_driver' build argument 'cmake_clean_first' from command line to 'False'
[0.773s] Level 5:colcon.colcon_core.verb:set package 'rm_serial_driver' build argument 'cmake_force_configure' from command line to 'False'
[0.773s] Level 5:colcon.colcon_core.verb:set package 'rm_serial_driver' build argument 'ament_cmake_args' from command line to 'None'
[0.773s] Level 5:colcon.colcon_core.verb:set package 'rm_serial_driver' build argument 'catkin_cmake_args' from command line to 'None'
[0.773s] Level 5:colcon.colcon_core.verb:set package 'rm_serial_driver' build argument 'catkin_skip_building_tests' from command line to 'False'
[0.773s] DEBUG:colcon.colcon_core.verb:Building package 'rm_serial_driver' with the following arguments: {'ament_cmake_args': None, 'build_base': '/home/sensebeetlev10/sl_ws/src/sensebeetle-control/rm_serial_driver/build/rm_serial_driver', 'catkin_cmake_args': None, 'catkin_skip_building_tests': False, 'cmake_args': ['-DCMAKE_BUILD_TYPE=RelWithDebInfo'], 'cmake_clean_cache': False, 'cmake_clean_first': False, 'cmake_force_configure': False, 'cmake_target': None, 'cmake_target_skip_unavailable': False, 'install_base': '/home/sensebeetlev10/sl_ws/src/sensebeetle-control/rm_serial_driver/install/rm_serial_driver', 'merge_install': False, 'path': '/home/sensebeetlev10/sl_ws/src/sensebeetle-control/rm_serial_driver', 'symlink_install': True, 'test_result_base': None}
[0.773s] INFO:colcon.colcon_core.executor:Executing jobs using 'parallel' executor
[0.775s] DEBUG:colcon.colcon_parallel_executor.executor.parallel:run_until_complete
[0.775s] INFO:colcon.colcon_ros.task.ament_cmake.build:Building ROS package in '/home/sensebeetlev10/sl_ws/src/sensebeetle-control/sensebeetle_interfaces' with build type 'ament_cmake'
[0.775s] INFO:colcon.colcon_cmake.task.cmake.build:Building CMake package in '/home/sensebeetlev10/sl_ws/src/sensebeetle-control/sensebeetle_interfaces'
[0.779s] INFO:colcon.colcon_core.plugin_system:Skipping extension 'colcon_core.shell.bat': Not used on non-Windows systems
[0.779s] INFO:colcon.colcon_core.shell:Skip shell extension 'powershell' for command environment: Not usable outside of PowerShell
[0.779s] DEBUG:colcon.colcon_core.shell:Skip shell extension 'dsv' for command environment
[0.792s] DEBUG:colcon.colcon_core.event_handler.log_command:Invoking command in '/home/sensebeetlev10/sl_ws/src/sensebeetle-control/rm_serial_driver/build/sensebeetle_interfaces': CMAKE_PREFIX_PATH=${CMAKE_PREFIX_PATH}:/opt/ros/humble /usr/bin/cmake /home/sensebeetlev10/sl_ws/src/sensebeetle-control/sensebeetle_interfaces -DCMAKE_BUILD_TYPE=RelWithDebInfo -DAMENT_CMAKE_SYMLINK_INSTALL=1 -DCMAKE_INSTALL_PREFIX=/home/sensebeetlev10/sl_ws/src/sensebeetle-control/rm_serial_driver/install/sensebeetle_interfaces
[4.066s] DEBUG:colcon.colcon_core.event_handler.log_command:Invoked command in '/home/sensebeetlev10/sl_ws/src/sensebeetle-control/rm_serial_driver/build/sensebeetle_interfaces' returned '0': CMAKE_PREFIX_PATH=${CMAKE_PREFIX_PATH}:/opt/ros/humble /usr/bin/cmake /home/sensebeetlev10/sl_ws/src/sensebeetle-control/sensebeetle_interfaces -DCMAKE_BUILD_TYPE=RelWithDebInfo -DAMENT_CMAKE_SYMLINK_INSTALL=1 -DCMAKE_INSTALL_PREFIX=/home/sensebeetlev10/sl_ws/src/sensebeetle-control/rm_serial_driver/install/sensebeetle_interfaces
[4.068s] DEBUG:colcon.colcon_core.event_handler.log_command:Invoking command in '/home/sensebeetlev10/sl_ws/src/sensebeetle-control/rm_serial_driver/build/sensebeetle_interfaces': CMAKE_PREFIX_PATH=${CMAKE_PREFIX_PATH}:/opt/ros/humble /usr/bin/cmake --build /home/sensebeetlev10/sl_ws/src/sensebeetle-control/rm_serial_driver/build/sensebeetle_interfaces -- -j8 -l8
[12.366s] DEBUG:colcon.colcon_core.event_handler.log_command:Invoked command in '/home/sensebeetlev10/sl_ws/src/sensebeetle-control/rm_serial_driver/build/sensebeetle_interfaces' returned '0': CMAKE_PREFIX_PATH=${CMAKE_PREFIX_PATH}:/opt/ros/humble /usr/bin/cmake --build /home/sensebeetlev10/sl_ws/src/sensebeetle-control/rm_serial_driver/build/sensebeetle_interfaces -- -j8 -l8
[12.530s] DEBUG:colcon.colcon_core.event_handler.log_command:Invoking command in '/home/sensebeetlev10/sl_ws/src/sensebeetle-control/rm_serial_driver/build/sensebeetle_interfaces': CMAKE_PREFIX_PATH=${CMAKE_PREFIX_PATH}:/opt/ros/humble /usr/bin/cmake --install /home/sensebeetlev10/sl_ws/src/sensebeetle-control/rm_serial_driver/build/sensebeetle_interfaces
[14.707s] Level 1:colcon.colcon_core.environment:create_environment_scripts_only(sensebeetle_interfaces)
[14.708s] DEBUG:colcon.colcon_core.event_handler.log_command:Invoked command in '/home/sensebeetlev10/sl_ws/src/sensebeetle-control/rm_serial_driver/build/sensebeetle_interfaces' returned '0': CMAKE_PREFIX_PATH=${CMAKE_PREFIX_PATH}:/opt/ros/humble /usr/bin/cmake --install /home/sensebeetlev10/sl_ws/src/sensebeetle-control/rm_serial_driver/build/sensebeetle_interfaces
[14.710s] Level 1:colcon.colcon_core.environment:checking '/home/sensebeetlev10/sl_ws/src/sensebeetle-control/rm_serial_driver/install/sensebeetle_interfaces' for CMake module files
[14.711s] Level 1:colcon.colcon_core.environment:checking '/home/sensebeetlev10/sl_ws/src/sensebeetle-control/rm_serial_driver/install/sensebeetle_interfaces' for CMake config files
[14.712s] Level 1:colcon.colcon_core.shell:create_environment_hook('sensebeetle_interfaces', 'cmake_prefix_path')
[14.712s] INFO:colcon.colcon_core.shell:Creating environment hook '/home/sensebeetlev10/sl_ws/src/sensebeetle-control/rm_serial_driver/install/sensebeetle_interfaces/share/sensebeetle_interfaces/hook/cmake_prefix_path.ps1'
[14.713s] INFO:colcon.colcon_core.shell:Creating environment descriptor '/home/sensebeetlev10/sl_ws/src/sensebeetle-control/rm_serial_driver/install/sensebeetle_interfaces/share/sensebeetle_interfaces/hook/cmake_prefix_path.dsv'
[14.713s] INFO:colcon.colcon_core.shell:Creating environment hook '/home/sensebeetlev10/sl_ws/src/sensebeetle-control/rm_serial_driver/install/sensebeetle_interfaces/share/sensebeetle_interfaces/hook/cmake_prefix_path.sh'
[14.715s] Level 1:colcon.colcon_core.environment:checking '/home/sensebeetlev10/sl_ws/src/sensebeetle-control/rm_serial_driver/install/sensebeetle_interfaces/lib'
[14.715s] Level 1:colcon.colcon_core.shell:create_environment_hook('sensebeetle_interfaces', 'ld_library_path_lib')
[14.715s] INFO:colcon.colcon_core.shell:Creating environment hook '/home/sensebeetlev10/sl_ws/src/sensebeetle-control/rm_serial_driver/install/sensebeetle_interfaces/share/sensebeetle_interfaces/hook/ld_library_path_lib.ps1'
[14.715s] INFO:colcon.colcon_core.shell:Creating environment descriptor '/home/sensebeetlev10/sl_ws/src/sensebeetle-control/rm_serial_driver/install/sensebeetle_interfaces/share/sensebeetle_interfaces/hook/ld_library_path_lib.dsv'
[14.716s] INFO:colcon.colcon_core.shell:Creating environment hook '/home/sensebeetlev10/sl_ws/src/sensebeetle-control/rm_serial_driver/install/sensebeetle_interfaces/share/sensebeetle_interfaces/hook/ld_library_path_lib.sh'
[14.716s] Level 1:colcon.colcon_core.environment:checking '/home/sensebeetlev10/sl_ws/src/sensebeetle-control/rm_serial_driver/install/sensebeetle_interfaces/bin'
[14.716s] Level 1:colcon.colcon_core.environment:checking '/home/sensebeetlev10/sl_ws/src/sensebeetle-control/rm_serial_driver/install/sensebeetle_interfaces/lib/pkgconfig/sensebeetle_interfaces.pc'
[14.717s] Level 1:colcon.colcon_core.environment:checking '/home/sensebeetlev10/sl_ws/src/sensebeetle-control/rm_serial_driver/install/sensebeetle_interfaces/lib/python3.10/site-packages'
[14.717s] Level 1:colcon.colcon_core.environment:checking '/home/sensebeetlev10/sl_ws/src/sensebeetle-control/rm_serial_driver/install/sensebeetle_interfaces/bin'
[14.717s] INFO:colcon.colcon_core.shell:Creating package script '/home/sensebeetlev10/sl_ws/src/sensebeetle-control/rm_serial_driver/install/sensebeetle_interfaces/share/sensebeetle_interfaces/package.ps1'
[14.718s] INFO:colcon.colcon_core.shell:Creating package descriptor '/home/sensebeetlev10/sl_ws/src/sensebeetle-control/rm_serial_driver/install/sensebeetle_interfaces/share/sensebeetle_interfaces/package.dsv'
[14.719s] INFO:colcon.colcon_core.shell:Creating package script '/home/sensebeetlev10/sl_ws/src/sensebeetle-control/rm_serial_driver/install/sensebeetle_interfaces/share/sensebeetle_interfaces/package.sh'
[14.720s] INFO:colcon.colcon_core.shell:Creating package script '/home/sensebeetlev10/sl_ws/src/sensebeetle-control/rm_serial_driver/install/sensebeetle_interfaces/share/sensebeetle_interfaces/package.bash'
[14.721s] INFO:colcon.colcon_core.shell:Creating package script '/home/sensebeetlev10/sl_ws/src/sensebeetle-control/rm_serial_driver/install/sensebeetle_interfaces/share/sensebeetle_interfaces/package.zsh'
[14.722s] Level 1:colcon.colcon_core.environment:create_file_with_runtime_dependencies(/home/sensebeetlev10/sl_ws/src/sensebeetle-control/rm_serial_driver/install/sensebeetle_interfaces/share/colcon-core/packages/sensebeetle_interfaces)
[14.933s] Level 1:colcon.colcon_core.environment:create_environment_scripts_only(sensebeetle_interfaces)
[14.934s] Level 1:colcon.colcon_core.environment:checking '/home/sensebeetlev10/sl_ws/src/sensebeetle-control/rm_serial_driver/install/sensebeetle_interfaces' for CMake module files
[14.937s] Level 1:colcon.colcon_core.environment:checking '/home/sensebeetlev10/sl_ws/src/sensebeetle-control/rm_serial_driver/install/sensebeetle_interfaces' for CMake config files
[14.939s] Level 1:colcon.colcon_core.shell:create_environment_hook('sensebeetle_interfaces', 'cmake_prefix_path')
[14.940s] INFO:colcon.colcon_core.shell:Creating environment hook '/home/sensebeetlev10/sl_ws/src/sensebeetle-control/rm_serial_driver/install/sensebeetle_interfaces/share/sensebeetle_interfaces/hook/cmake_prefix_path.ps1'
[14.941s] INFO:colcon.colcon_core.shell:Creating environment descriptor '/home/sensebeetlev10/sl_ws/src/sensebeetle-control/rm_serial_driver/install/sensebeetle_interfaces/share/sensebeetle_interfaces/hook/cmake_prefix_path.dsv'
[14.943s] INFO:colcon.colcon_core.shell:Creating environment hook '/home/sensebeetlev10/sl_ws/src/sensebeetle-control/rm_serial_driver/install/sensebeetle_interfaces/share/sensebeetle_interfaces/hook/cmake_prefix_path.sh'
[14.945s] Level 1:colcon.colcon_core.environment:checking '/home/sensebeetlev10/sl_ws/src/sensebeetle-control/rm_serial_driver/install/sensebeetle_interfaces/lib'
[14.945s] Level 1:colcon.colcon_core.shell:create_environment_hook('sensebeetle_interfaces', 'ld_library_path_lib')
[14.946s] INFO:colcon.colcon_core.shell:Creating environment hook '/home/sensebeetlev10/sl_ws/src/sensebeetle-control/rm_serial_driver/install/sensebeetle_interfaces/share/sensebeetle_interfaces/hook/ld_library_path_lib.ps1'
[14.947s] INFO:colcon.colcon_core.shell:Creating environment descriptor '/home/sensebeetlev10/sl_ws/src/sensebeetle-control/rm_serial_driver/install/sensebeetle_interfaces/share/sensebeetle_interfaces/hook/ld_library_path_lib.dsv'
[14.948s] INFO:colcon.colcon_core.shell:Creating environment hook '/home/sensebeetlev10/sl_ws/src/sensebeetle-control/rm_serial_driver/install/sensebeetle_interfaces/share/sensebeetle_interfaces/hook/ld_library_path_lib.sh'
[14.950s] Level 1:colcon.colcon_core.environment:checking '/home/sensebeetlev10/sl_ws/src/sensebeetle-control/rm_serial_driver/install/sensebeetle_interfaces/bin'
[14.950s] Level 1:colcon.colcon_core.environment:checking '/home/sensebeetlev10/sl_ws/src/sensebeetle-control/rm_serial_driver/install/sensebeetle_interfaces/lib/pkgconfig/sensebeetle_interfaces.pc'
[14.951s] Level 1:colcon.colcon_core.environment:checking '/home/sensebeetlev10/sl_ws/src/sensebeetle-control/rm_serial_driver/install/sensebeetle_interfaces/lib/python3.10/site-packages'
[14.952s] Level 1:colcon.colcon_core.environment:checking '/home/sensebeetlev10/sl_ws/src/sensebeetle-control/rm_serial_driver/install/sensebeetle_interfaces/bin'
[14.954s] INFO:colcon.colcon_core.shell:Creating package script '/home/sensebeetlev10/sl_ws/src/sensebeetle-control/rm_serial_driver/install/sensebeetle_interfaces/share/sensebeetle_interfaces/package.ps1'
[14.956s] INFO:colcon.colcon_core.shell:Creating package descriptor '/home/sensebeetlev10/sl_ws/src/sensebeetle-control/rm_serial_driver/install/sensebeetle_interfaces/share/sensebeetle_interfaces/package.dsv'
[14.958s] INFO:colcon.colcon_core.shell:Creating package script '/home/sensebeetlev10/sl_ws/src/sensebeetle-control/rm_serial_driver/install/sensebeetle_interfaces/share/sensebeetle_interfaces/package.sh'
[14.960s] INFO:colcon.colcon_core.shell:Creating package script '/home/sensebeetlev10/sl_ws/src/sensebeetle-control/rm_serial_driver/install/sensebeetle_interfaces/share/sensebeetle_interfaces/package.bash'
[14.961s] INFO:colcon.colcon_core.shell:Creating package script '/home/sensebeetlev10/sl_ws/src/sensebeetle-control/rm_serial_driver/install/sensebeetle_interfaces/share/sensebeetle_interfaces/package.zsh'
[14.963s] Level 1:colcon.colcon_core.environment:create_file_with_runtime_dependencies(/home/sensebeetlev10/sl_ws/src/sensebeetle-control/rm_serial_driver/install/sensebeetle_interfaces/share/colcon-core/packages/sensebeetle_interfaces)
[14.964s] INFO:colcon.colcon_ros.task.ament_cmake.build:Building ROS package in '/home/sensebeetlev10/sl_ws/src/sensebeetle-control/dr16_dbus' with build type 'ament_cmake'
[14.965s] INFO:colcon.colcon_cmake.task.cmake.build:Building CMake package in '/home/sensebeetlev10/sl_ws/src/sensebeetle-control/dr16_dbus'
[14.966s] INFO:colcon.colcon_core.shell:Skip shell extension 'powershell' for command environment: Not usable outside of PowerShell
[14.966s] DEBUG:colcon.colcon_core.shell:Skip shell extension 'dsv' for command environment
[14.981s] INFO:colcon.colcon_ros.task.ament_cmake.build:Building ROS package in '/home/sensebeetlev10/sl_ws/src/sensebeetle-control/rm_serial_driver' with build type 'ament_cmake'
[14.982s] INFO:colcon.colcon_cmake.task.cmake.build:Building CMake package in '/home/sensebeetlev10/sl_ws/src/sensebeetle-control/rm_serial_driver'
[14.983s] INFO:colcon.colcon_core.shell:Skip shell extension 'powershell' for command environment: Not usable outside of PowerShell
[14.983s] DEBUG:colcon.colcon_core.shell:Skip shell extension 'dsv' for command environment
[15.007s] DEBUG:colcon.colcon_core.event_handler.log_command:Invoking command in '/home/sensebeetlev10/sl_ws/src/sensebeetle-control/rm_serial_driver/build/dr16_dbus': AMENT_PREFIX_PATH=/home/sensebeetlev10/sl_ws/src/sensebeetle-control/rm_serial_driver/install/sensebeetle_interfaces:${AMENT_PREFIX_PATH} CMAKE_PREFIX_PATH=/home/sensebeetlev10/sl_ws/src/sensebeetle-control/rm_serial_driver/install/sensebeetle_interfaces:/home/sensebeetlev10/sl_ws/install/sensebeetle_interfaces:/opt/ros/humble LD_LIBRARY_PATH=/home/sensebeetlev10/sl_ws/src/sensebeetle-control/rm_serial_driver/install/sensebeetle_interfaces/lib:${LD_LIBRARY_PATH} PYTHONPATH=/home/sensebeetlev10/sl_ws/src/sensebeetle-control/rm_serial_driver/install/sensebeetle_interfaces/local/lib/python3.10/dist-packages:${PYTHONPATH} /usr/bin/cmake /home/sensebeetlev10/sl_ws/src/sensebeetle-control/dr16_dbus -DCMAKE_BUILD_TYPE=RelWithDebInfo -DAMENT_CMAKE_SYMLINK_INSTALL=1 -DCMAKE_INSTALL_PREFIX=/home/sensebeetlev10/sl_ws/src/sensebeetle-control/rm_serial_driver/install/dr16_dbus
[15.016s] DEBUG:colcon.colcon_core.event_handler.log_command:Invoking command in '/home/sensebeetlev10/sl_ws/src/sensebeetle-control/rm_serial_driver/build/rm_serial_driver': AMENT_PREFIX_PATH=/home/sensebeetlev10/sl_ws/src/sensebeetle-control/rm_serial_driver/install/sensebeetle_interfaces:${AMENT_PREFIX_PATH} CMAKE_PREFIX_PATH=/home/sensebeetlev10/sl_ws/src/sensebeetle-control/rm_serial_driver/install/sensebeetle_interfaces:/home/sensebeetlev10/sl_ws/install/sensebeetle_interfaces:/opt/ros/humble LD_LIBRARY_PATH=/home/sensebeetlev10/sl_ws/src/sensebeetle-control/rm_serial_driver/install/sensebeetle_interfaces/lib:${LD_LIBRARY_PATH} PYTHONPATH=/home/sensebeetlev10/sl_ws/src/sensebeetle-control/rm_serial_driver/install/sensebeetle_interfaces/local/lib/python3.10/dist-packages:${PYTHONPATH} /usr/bin/cmake /home/sensebeetlev10/sl_ws/src/sensebeetle-control/rm_serial_driver -DCMAKE_BUILD_TYPE=RelWithDebInfo -DAMENT_CMAKE_SYMLINK_INSTALL=1 -DCMAKE_INSTALL_PREFIX=/home/sensebeetlev10/sl_ws/src/sensebeetle-control/rm_serial_driver/install/rm_serial_driver
[18.830s] DEBUG:colcon.colcon_core.event_handler.log_command:Invoked command in '/home/sensebeetlev10/sl_ws/src/sensebeetle-control/rm_serial_driver/build/dr16_dbus' returned '0': AMENT_PREFIX_PATH=/home/sensebeetlev10/sl_ws/src/sensebeetle-control/rm_serial_driver/install/sensebeetle_interfaces:${AMENT_PREFIX_PATH} CMAKE_PREFIX_PATH=/home/sensebeetlev10/sl_ws/src/sensebeetle-control/rm_serial_driver/install/sensebeetle_interfaces:/home/sensebeetlev10/sl_ws/install/sensebeetle_interfaces:/opt/ros/humble LD_LIBRARY_PATH=/home/sensebeetlev10/sl_ws/src/sensebeetle-control/rm_serial_driver/install/sensebeetle_interfaces/lib:${LD_LIBRARY_PATH} PYTHONPATH=/home/sensebeetlev10/sl_ws/src/sensebeetle-control/rm_serial_driver/install/sensebeetle_interfaces/local/lib/python3.10/dist-packages:${PYTHONPATH} /usr/bin/cmake /home/sensebeetlev10/sl_ws/src/sensebeetle-control/dr16_dbus -DCMAKE_BUILD_TYPE=RelWithDebInfo -DAMENT_CMAKE_SYMLINK_INSTALL=1 -DCMAKE_INSTALL_PREFIX=/home/sensebeetlev10/sl_ws/src/sensebeetle-control/rm_serial_driver/install/dr16_dbus
[18.848s] DEBUG:colcon.colcon_core.event_handler.log_command:Invoking command in '/home/sensebeetlev10/sl_ws/src/sensebeetle-control/rm_serial_driver/build/dr16_dbus': AMENT_PREFIX_PATH=/home/sensebeetlev10/sl_ws/src/sensebeetle-control/rm_serial_driver/install/sensebeetle_interfaces:${AMENT_PREFIX_PATH} CMAKE_PREFIX_PATH=/home/sensebeetlev10/sl_ws/src/sensebeetle-control/rm_serial_driver/install/sensebeetle_interfaces:/home/sensebeetlev10/sl_ws/install/sensebeetle_interfaces:/opt/ros/humble LD_LIBRARY_PATH=/home/sensebeetlev10/sl_ws/src/sensebeetle-control/rm_serial_driver/install/sensebeetle_interfaces/lib:${LD_LIBRARY_PATH} PYTHONPATH=/home/sensebeetlev10/sl_ws/src/sensebeetle-control/rm_serial_driver/install/sensebeetle_interfaces/local/lib/python3.10/dist-packages:${PYTHONPATH} /usr/bin/cmake --build /home/sensebeetlev10/sl_ws/src/sensebeetle-control/rm_serial_driver/build/dr16_dbus -- -j8 -l8
[18.856s] DEBUG:colcon.colcon_core.event_handler.log_command:Invoked command in '/home/sensebeetlev10/sl_ws/src/sensebeetle-control/rm_serial_driver/build/rm_serial_driver' returned '0': AMENT_PREFIX_PATH=/home/sensebeetlev10/sl_ws/src/sensebeetle-control/rm_serial_driver/install/sensebeetle_interfaces:${AMENT_PREFIX_PATH} CMAKE_PREFIX_PATH=/home/sensebeetlev10/sl_ws/src/sensebeetle-control/rm_serial_driver/install/sensebeetle_interfaces:/home/sensebeetlev10/sl_ws/install/sensebeetle_interfaces:/opt/ros/humble LD_LIBRARY_PATH=/home/sensebeetlev10/sl_ws/src/sensebeetle-control/rm_serial_driver/install/sensebeetle_interfaces/lib:${LD_LIBRARY_PATH} PYTHONPATH=/home/sensebeetlev10/sl_ws/src/sensebeetle-control/rm_serial_driver/install/sensebeetle_interfaces/local/lib/python3.10/dist-packages:${PYTHONPATH} /usr/bin/cmake /home/sensebeetlev10/sl_ws/src/sensebeetle-control/rm_serial_driver -DCMAKE_BUILD_TYPE=RelWithDebInfo -DAMENT_CMAKE_SYMLINK_INSTALL=1 -DCMAKE_INSTALL_PREFIX=/home/sensebeetlev10/sl_ws/src/sensebeetle-control/rm_serial_driver/install/rm_serial_driver
[18.864s] DEBUG:colcon.colcon_core.event_handler.log_command:Invoking command in '/home/sensebeetlev10/sl_ws/src/sensebeetle-control/rm_serial_driver/build/rm_serial_driver': AMENT_PREFIX_PATH=/home/sensebeetlev10/sl_ws/src/sensebeetle-control/rm_serial_driver/install/sensebeetle_interfaces:${AMENT_PREFIX_PATH} CMAKE_PREFIX_PATH=/home/sensebeetlev10/sl_ws/src/sensebeetle-control/rm_serial_driver/install/sensebeetle_interfaces:/home/sensebeetlev10/sl_ws/install/sensebeetle_interfaces:/opt/ros/humble LD_LIBRARY_PATH=/home/sensebeetlev10/sl_ws/src/sensebeetle-control/rm_serial_driver/install/sensebeetle_interfaces/lib:${LD_LIBRARY_PATH} PYTHONPATH=/home/sensebeetlev10/sl_ws/src/sensebeetle-control/rm_serial_driver/install/sensebeetle_interfaces/local/lib/python3.10/dist-packages:${PYTHONPATH} /usr/bin/cmake --build /home/sensebeetlev10/sl_ws/src/sensebeetle-control/rm_serial_driver/build/rm_serial_driver -- -j8 -l8
[35.611s] DEBUG:colcon.colcon_core.event_handler.log_command:Invoked command in '/home/sensebeetlev10/sl_ws/src/sensebeetle-control/rm_serial_driver/build/dr16_dbus' returned '0': AMENT_PREFIX_PATH=/home/sensebeetlev10/sl_ws/src/sensebeetle-control/rm_serial_driver/install/sensebeetle_interfaces:${AMENT_PREFIX_PATH} CMAKE_PREFIX_PATH=/home/sensebeetlev10/sl_ws/src/sensebeetle-control/rm_serial_driver/install/sensebeetle_interfaces:/home/sensebeetlev10/sl_ws/install/sensebeetle_interfaces:/opt/ros/humble LD_LIBRARY_PATH=/home/sensebeetlev10/sl_ws/src/sensebeetle-control/rm_serial_driver/install/sensebeetle_interfaces/lib:${LD_LIBRARY_PATH} PYTHONPATH=/home/sensebeetlev10/sl_ws/src/sensebeetle-control/rm_serial_driver/install/sensebeetle_interfaces/local/lib/python3.10/dist-packages:${PYTHONPATH} /usr/bin/cmake --build /home/sensebeetlev10/sl_ws/src/sensebeetle-control/rm_serial_driver/build/dr16_dbus -- -j8 -l8
[35.724s] DEBUG:colcon.colcon_core.event_handler.log_command:Invoking command in '/home/sensebeetlev10/sl_ws/src/sensebeetle-control/rm_serial_driver/build/dr16_dbus': AMENT_PREFIX_PATH=/home/sensebeetlev10/sl_ws/src/sensebeetle-control/rm_serial_driver/install/sensebeetle_interfaces:${AMENT_PREFIX_PATH} CMAKE_PREFIX_PATH=/home/sensebeetlev10/sl_ws/src/sensebeetle-control/rm_serial_driver/install/sensebeetle_interfaces:/home/sensebeetlev10/sl_ws/install/sensebeetle_interfaces:/opt/ros/humble LD_LIBRARY_PATH=/home/sensebeetlev10/sl_ws/src/sensebeetle-control/rm_serial_driver/install/sensebeetle_interfaces/lib:${LD_LIBRARY_PATH} PYTHONPATH=/home/sensebeetlev10/sl_ws/src/sensebeetle-control/rm_serial_driver/install/sensebeetle_interfaces/local/lib/python3.10/dist-packages:${PYTHONPATH} /usr/bin/cmake --install /home/sensebeetlev10/sl_ws/src/sensebeetle-control/rm_serial_driver/build/dr16_dbus
[36.514s] Level 1:colcon.colcon_core.environment:create_environment_scripts_only(dr16_dbus)
[36.516s] Level 1:colcon.colcon_core.environment:checking '/home/sensebeetlev10/sl_ws/src/sensebeetle-control/rm_serial_driver/install/dr16_dbus' for CMake module files
[36.517s] DEBUG:colcon.colcon_core.event_handler.log_command:Invoked command in '/home/sensebeetlev10/sl_ws/src/sensebeetle-control/rm_serial_driver/build/dr16_dbus' returned '0': AMENT_PREFIX_PATH=/home/sensebeetlev10/sl_ws/src/sensebeetle-control/rm_serial_driver/install/sensebeetle_interfaces:${AMENT_PREFIX_PATH} CMAKE_PREFIX_PATH=/home/sensebeetlev10/sl_ws/src/sensebeetle-control/rm_serial_driver/install/sensebeetle_interfaces:/home/sensebeetlev10/sl_ws/install/sensebeetle_interfaces:/opt/ros/humble LD_LIBRARY_PATH=/home/sensebeetlev10/sl_ws/src/sensebeetle-control/rm_serial_driver/install/sensebeetle_interfaces/lib:${LD_LIBRARY_PATH} PYTHONPATH=/home/sensebeetlev10/sl_ws/src/sensebeetle-control/rm_serial_driver/install/sensebeetle_interfaces/local/lib/python3.10/dist-packages:${PYTHONPATH} /usr/bin/cmake --install /home/sensebeetlev10/sl_ws/src/sensebeetle-control/rm_serial_driver/build/dr16_dbus
[36.520s] Level 1:colcon.colcon_core.environment:checking '/home/sensebeetlev10/sl_ws/src/sensebeetle-control/rm_serial_driver/install/dr16_dbus' for CMake config files
[36.521s] Level 1:colcon.colcon_core.shell:create_environment_hook('dr16_dbus', 'cmake_prefix_path')
[36.522s] INFO:colcon.colcon_core.shell:Creating environment hook '/home/sensebeetlev10/sl_ws/src/sensebeetle-control/rm_serial_driver/install/dr16_dbus/share/dr16_dbus/hook/cmake_prefix_path.ps1'
[36.524s] INFO:colcon.colcon_core.shell:Creating environment descriptor '/home/sensebeetlev10/sl_ws/src/sensebeetle-control/rm_serial_driver/install/dr16_dbus/share/dr16_dbus/hook/cmake_prefix_path.dsv'
[36.525s] INFO:colcon.colcon_core.shell:Creating environment hook '/home/sensebeetlev10/sl_ws/src/sensebeetle-control/rm_serial_driver/install/dr16_dbus/share/dr16_dbus/hook/cmake_prefix_path.sh'
[36.528s] Level 1:colcon.colcon_core.environment:checking '/home/sensebeetlev10/sl_ws/src/sensebeetle-control/rm_serial_driver/install/dr16_dbus/lib'
[36.528s] Level 1:colcon.colcon_core.shell:create_environment_hook('dr16_dbus', 'ld_library_path_lib')
[36.529s] INFO:colcon.colcon_core.shell:Creating environment hook '/home/sensebeetlev10/sl_ws/src/sensebeetle-control/rm_serial_driver/install/dr16_dbus/share/dr16_dbus/hook/ld_library_path_lib.ps1'
[36.531s] INFO:colcon.colcon_core.shell:Creating environment descriptor '/home/sensebeetlev10/sl_ws/src/sensebeetle-control/rm_serial_driver/install/dr16_dbus/share/dr16_dbus/hook/ld_library_path_lib.dsv'
[36.532s] INFO:colcon.colcon_core.shell:Creating environment hook '/home/sensebeetlev10/sl_ws/src/sensebeetle-control/rm_serial_driver/install/dr16_dbus/share/dr16_dbus/hook/ld_library_path_lib.sh'
[36.533s] Level 1:colcon.colcon_core.environment:checking '/home/sensebeetlev10/sl_ws/src/sensebeetle-control/rm_serial_driver/install/dr16_dbus/bin'
[36.534s] Level 1:colcon.colcon_core.environment:checking '/home/sensebeetlev10/sl_ws/src/sensebeetle-control/rm_serial_driver/install/dr16_dbus/lib/pkgconfig/dr16_dbus.pc'
[36.535s] Level 1:colcon.colcon_core.environment:checking '/home/sensebeetlev10/sl_ws/src/sensebeetle-control/rm_serial_driver/install/dr16_dbus/lib/python3.10/site-packages'
[36.536s] Level 1:colcon.colcon_core.environment:checking '/home/sensebeetlev10/sl_ws/src/sensebeetle-control/rm_serial_driver/install/dr16_dbus/bin'
[36.538s] INFO:colcon.colcon_core.shell:Creating package script '/home/sensebeetlev10/sl_ws/src/sensebeetle-control/rm_serial_driver/install/dr16_dbus/share/dr16_dbus/package.ps1'
[36.540s] INFO:colcon.colcon_core.shell:Creating package descriptor '/home/sensebeetlev10/sl_ws/src/sensebeetle-control/rm_serial_driver/install/dr16_dbus/share/dr16_dbus/package.dsv'
[36.542s] INFO:colcon.colcon_core.shell:Creating package script '/home/sensebeetlev10/sl_ws/src/sensebeetle-control/rm_serial_driver/install/dr16_dbus/share/dr16_dbus/package.sh'
[36.544s] INFO:colcon.colcon_core.shell:Creating package script '/home/sensebeetlev10/sl_ws/src/sensebeetle-control/rm_serial_driver/install/dr16_dbus/share/dr16_dbus/package.bash'
[36.546s] INFO:colcon.colcon_core.shell:Creating package script '/home/sensebeetlev10/sl_ws/src/sensebeetle-control/rm_serial_driver/install/dr16_dbus/share/dr16_dbus/package.zsh'
[36.547s] Level 1:colcon.colcon_core.environment:create_file_with_runtime_dependencies(/home/sensebeetlev10/sl_ws/src/sensebeetle-control/rm_serial_driver/install/dr16_dbus/share/colcon-core/packages/dr16_dbus)
[36.628s] Level 1:colcon.colcon_core.environment:create_environment_scripts_only(dr16_dbus)
[36.630s] Level 1:colcon.colcon_core.environment:checking '/home/sensebeetlev10/sl_ws/src/sensebeetle-control/rm_serial_driver/install/dr16_dbus' for CMake module files
[36.633s] Level 1:colcon.colcon_core.environment:checking '/home/sensebeetlev10/sl_ws/src/sensebeetle-control/rm_serial_driver/install/dr16_dbus' for CMake config files
[36.634s] Level 1:colcon.colcon_core.shell:create_environment_hook('dr16_dbus', 'cmake_prefix_path')
[36.636s] INFO:colcon.colcon_core.shell:Creating environment hook '/home/sensebeetlev10/sl_ws/src/sensebeetle-control/rm_serial_driver/install/dr16_dbus/share/dr16_dbus/hook/cmake_prefix_path.ps1'
[36.638s] INFO:colcon.colcon_core.shell:Creating environment descriptor '/home/sensebeetlev10/sl_ws/src/sensebeetle-control/rm_serial_driver/install/dr16_dbus/share/dr16_dbus/hook/cmake_prefix_path.dsv'
[36.639s] INFO:colcon.colcon_core.shell:Creating environment hook '/home/sensebeetlev10/sl_ws/src/sensebeetle-control/rm_serial_driver/install/dr16_dbus/share/dr16_dbus/hook/cmake_prefix_path.sh'
[36.642s] Level 1:colcon.colcon_core.environment:checking '/home/sensebeetlev10/sl_ws/src/sensebeetle-control/rm_serial_driver/install/dr16_dbus/lib'
[36.642s] Level 1:colcon.colcon_core.shell:create_environment_hook('dr16_dbus', 'ld_library_path_lib')
[36.643s] INFO:colcon.colcon_core.shell:Creating environment hook '/home/sensebeetlev10/sl_ws/src/sensebeetle-control/rm_serial_driver/install/dr16_dbus/share/dr16_dbus/hook/ld_library_path_lib.ps1'
[36.645s] INFO:colcon.colcon_core.shell:Creating environment descriptor '/home/sensebeetlev10/sl_ws/src/sensebeetle-control/rm_serial_driver/install/dr16_dbus/share/dr16_dbus/hook/ld_library_path_lib.dsv'
[36.646s] INFO:colcon.colcon_core.shell:Creating environment hook '/home/sensebeetlev10/sl_ws/src/sensebeetle-control/rm_serial_driver/install/dr16_dbus/share/dr16_dbus/hook/ld_library_path_lib.sh'
[36.648s] Level 1:colcon.colcon_core.environment:checking '/home/sensebeetlev10/sl_ws/src/sensebeetle-control/rm_serial_driver/install/dr16_dbus/bin'
[36.648s] Level 1:colcon.colcon_core.environment:checking '/home/sensebeetlev10/sl_ws/src/sensebeetle-control/rm_serial_driver/install/dr16_dbus/lib/pkgconfig/dr16_dbus.pc'
[36.650s] Level 1:colcon.colcon_core.environment:checking '/home/sensebeetlev10/sl_ws/src/sensebeetle-control/rm_serial_driver/install/dr16_dbus/lib/python3.10/site-packages'
[36.651s] Level 1:colcon.colcon_core.environment:checking '/home/sensebeetlev10/sl_ws/src/sensebeetle-control/rm_serial_driver/install/dr16_dbus/bin'
[36.653s] INFO:colcon.colcon_core.shell:Creating package script '/home/sensebeetlev10/sl_ws/src/sensebeetle-control/rm_serial_driver/install/dr16_dbus/share/dr16_dbus/package.ps1'
[36.655s] INFO:colcon.colcon_core.shell:Creating package descriptor '/home/sensebeetlev10/sl_ws/src/sensebeetle-control/rm_serial_driver/install/dr16_dbus/share/dr16_dbus/package.dsv'
[36.658s] INFO:colcon.colcon_core.shell:Creating package script '/home/sensebeetlev10/sl_ws/src/sensebeetle-control/rm_serial_driver/install/dr16_dbus/share/dr16_dbus/package.sh'
[36.661s] INFO:colcon.colcon_core.shell:Creating package script '/home/sensebeetlev10/sl_ws/src/sensebeetle-control/rm_serial_driver/install/dr16_dbus/share/dr16_dbus/package.bash'
[36.662s] INFO:colcon.colcon_core.shell:Creating package script '/home/sensebeetlev10/sl_ws/src/sensebeetle-control/rm_serial_driver/install/dr16_dbus/share/dr16_dbus/package.zsh'
[36.664s] Level 1:colcon.colcon_core.environment:create_file_with_runtime_dependencies(/home/sensebeetlev10/sl_ws/src/sensebeetle-control/rm_serial_driver/install/dr16_dbus/share/colcon-core/packages/dr16_dbus)
[57.794s] DEBUG:colcon.colcon_core.event_handler.log_command:Invoked command in '/home/sensebeetlev10/sl_ws/src/sensebeetle-control/rm_serial_driver/build/rm_serial_driver' returned '0': AMENT_PREFIX_PATH=/home/sensebeetlev10/sl_ws/src/sensebeetle-control/rm_serial_driver/install/sensebeetle_interfaces:${AMENT_PREFIX_PATH} CMAKE_PREFIX_PATH=/home/sensebeetlev10/sl_ws/src/sensebeetle-control/rm_serial_driver/install/sensebeetle_interfaces:/home/sensebeetlev10/sl_ws/install/sensebeetle_interfaces:/opt/ros/humble LD_LIBRARY_PATH=/home/sensebeetlev10/sl_ws/src/sensebeetle-control/rm_serial_driver/install/sensebeetle_interfaces/lib:${LD_LIBRARY_PATH} PYTHONPATH=/home/sensebeetlev10/sl_ws/src/sensebeetle-control/rm_serial_driver/install/sensebeetle_interfaces/local/lib/python3.10/dist-packages:${PYTHONPATH} /usr/bin/cmake --build /home/sensebeetlev10/sl_ws/src/sensebeetle-control/rm_serial_driver/build/rm_serial_driver -- -j8 -l8
[57.875s] DEBUG:colcon.colcon_core.event_handler.log_command:Invoking command in '/home/sensebeetlev10/sl_ws/src/sensebeetle-control/rm_serial_driver/build/rm_serial_driver': AMENT_PREFIX_PATH=/home/sensebeetlev10/sl_ws/src/sensebeetle-control/rm_serial_driver/install/sensebeetle_interfaces:${AMENT_PREFIX_PATH} CMAKE_PREFIX_PATH=/home/sensebeetlev10/sl_ws/src/sensebeetle-control/rm_serial_driver/install/sensebeetle_interfaces:/home/sensebeetlev10/sl_ws/install/sensebeetle_interfaces:/opt/ros/humble LD_LIBRARY_PATH=/home/sensebeetlev10/sl_ws/src/sensebeetle-control/rm_serial_driver/install/sensebeetle_interfaces/lib:${LD_LIBRARY_PATH} PYTHONPATH=/home/sensebeetlev10/sl_ws/src/sensebeetle-control/rm_serial_driver/install/sensebeetle_interfaces/local/lib/python3.10/dist-packages:${PYTHONPATH} /usr/bin/cmake --install /home/sensebeetlev10/sl_ws/src/sensebeetle-control/rm_serial_driver/build/rm_serial_driver
[58.668s] Level 1:colcon.colcon_core.environment:create_environment_scripts_only(rm_serial_driver)
[58.670s] Level 1:colcon.colcon_core.environment:checking '/home/sensebeetlev10/sl_ws/src/sensebeetle-control/rm_serial_driver/install/rm_serial_driver' for CMake module files
[58.670s] DEBUG:colcon.colcon_core.event_handler.log_command:Invoked command in '/home/sensebeetlev10/sl_ws/src/sensebeetle-control/rm_serial_driver/build/rm_serial_driver' returned '0': AMENT_PREFIX_PATH=/home/sensebeetlev10/sl_ws/src/sensebeetle-control/rm_serial_driver/install/sensebeetle_interfaces:${AMENT_PREFIX_PATH} CMAKE_PREFIX_PATH=/home/sensebeetlev10/sl_ws/src/sensebeetle-control/rm_serial_driver/install/sensebeetle_interfaces:/home/sensebeetlev10/sl_ws/install/sensebeetle_interfaces:/opt/ros/humble LD_LIBRARY_PATH=/home/sensebeetlev10/sl_ws/src/sensebeetle-control/rm_serial_driver/install/sensebeetle_interfaces/lib:${LD_LIBRARY_PATH} PYTHONPATH=/home/sensebeetlev10/sl_ws/src/sensebeetle-control/rm_serial_driver/install/sensebeetle_interfaces/local/lib/python3.10/dist-packages:${PYTHONPATH} /usr/bin/cmake --install /home/sensebeetlev10/sl_ws/src/sensebeetle-control/rm_serial_driver/build/rm_serial_driver
[58.673s] Level 1:colcon.colcon_core.environment:checking '/home/sensebeetlev10/sl_ws/src/sensebeetle-control/rm_serial_driver/install/rm_serial_driver' for CMake config files
[58.675s] Level 1:colcon.colcon_core.shell:create_environment_hook('rm_serial_driver', 'cmake_prefix_path')
[58.676s] INFO:colcon.colcon_core.shell:Creating environment hook '/home/sensebeetlev10/sl_ws/src/sensebeetle-control/rm_serial_driver/install/rm_serial_driver/share/rm_serial_driver/hook/cmake_prefix_path.ps1'
[58.677s] INFO:colcon.colcon_core.shell:Creating environment descriptor '/home/sensebeetlev10/sl_ws/src/sensebeetle-control/rm_serial_driver/install/rm_serial_driver/share/rm_serial_driver/hook/cmake_prefix_path.dsv'
[58.678s] INFO:colcon.colcon_core.shell:Creating environment hook '/home/sensebeetlev10/sl_ws/src/sensebeetle-control/rm_serial_driver/install/rm_serial_driver/share/rm_serial_driver/hook/cmake_prefix_path.sh'
[58.680s] Level 1:colcon.colcon_core.environment:checking '/home/sensebeetlev10/sl_ws/src/sensebeetle-control/rm_serial_driver/install/rm_serial_driver/lib'
[58.681s] Level 1:colcon.colcon_core.shell:create_environment_hook('rm_serial_driver', 'ld_library_path_lib')
[58.682s] INFO:colcon.colcon_core.shell:Creating environment hook '/home/sensebeetlev10/sl_ws/src/sensebeetle-control/rm_serial_driver/install/rm_serial_driver/share/rm_serial_driver/hook/ld_library_path_lib.ps1'
[58.683s] INFO:colcon.colcon_core.shell:Creating environment descriptor '/home/sensebeetlev10/sl_ws/src/sensebeetle-control/rm_serial_driver/install/rm_serial_driver/share/rm_serial_driver/hook/ld_library_path_lib.dsv'
[58.684s] INFO:colcon.colcon_core.shell:Creating environment hook '/home/sensebeetlev10/sl_ws/src/sensebeetle-control/rm_serial_driver/install/rm_serial_driver/share/rm_serial_driver/hook/ld_library_path_lib.sh'
[58.685s] Level 1:colcon.colcon_core.environment:checking '/home/sensebeetlev10/sl_ws/src/sensebeetle-control/rm_serial_driver/install/rm_serial_driver/bin'
[58.686s] Level 1:colcon.colcon_core.environment:checking '/home/sensebeetlev10/sl_ws/src/sensebeetle-control/rm_serial_driver/install/rm_serial_driver/lib/pkgconfig/rm_serial_driver.pc'
[58.687s] Level 1:colcon.colcon_core.environment:checking '/home/sensebeetlev10/sl_ws/src/sensebeetle-control/rm_serial_driver/install/rm_serial_driver/lib/python3.10/site-packages'
[58.688s] Level 1:colcon.colcon_core.environment:checking '/home/sensebeetlev10/sl_ws/src/sensebeetle-control/rm_serial_driver/install/rm_serial_driver/bin'
[58.689s] INFO:colcon.colcon_core.shell:Creating package script '/home/sensebeetlev10/sl_ws/src/sensebeetle-control/rm_serial_driver/install/rm_serial_driver/share/rm_serial_driver/package.ps1'
[58.691s] INFO:colcon.colcon_core.shell:Creating package descriptor '/home/sensebeetlev10/sl_ws/src/sensebeetle-control/rm_serial_driver/install/rm_serial_driver/share/rm_serial_driver/package.dsv'
[58.693s] INFO:colcon.colcon_core.shell:Creating package script '/home/sensebeetlev10/sl_ws/src/sensebeetle-control/rm_serial_driver/install/rm_serial_driver/share/rm_serial_driver/package.sh'
[58.695s] INFO:colcon.colcon_core.shell:Creating package script '/home/sensebeetlev10/sl_ws/src/sensebeetle-control/rm_serial_driver/install/rm_serial_driver/share/rm_serial_driver/package.bash'
[58.696s] INFO:colcon.colcon_core.shell:Creating package script '/home/sensebeetlev10/sl_ws/src/sensebeetle-control/rm_serial_driver/install/rm_serial_driver/share/rm_serial_driver/package.zsh'
[58.697s] Level 1:colcon.colcon_core.environment:create_file_with_runtime_dependencies(/home/sensebeetlev10/sl_ws/src/sensebeetle-control/rm_serial_driver/install/rm_serial_driver/share/colcon-core/packages/rm_serial_driver)
[58.779s] Level 1:colcon.colcon_core.environment:create_environment_scripts_only(rm_serial_driver)
[58.780s] Level 1:colcon.colcon_core.environment:checking '/home/sensebeetlev10/sl_ws/src/sensebeetle-control/rm_serial_driver/install/rm_serial_driver' for CMake module files
[58.783s] Level 1:colcon.colcon_core.environment:checking '/home/sensebeetlev10/sl_ws/src/sensebeetle-control/rm_serial_driver/install/rm_serial_driver' for CMake config files
[58.785s] Level 1:colcon.colcon_core.shell:create_environment_hook('rm_serial_driver', 'cmake_prefix_path')
[58.786s] INFO:colcon.colcon_core.shell:Creating environment hook '/home/sensebeetlev10/sl_ws/src/sensebeetle-control/rm_serial_driver/install/rm_serial_driver/share/rm_serial_driver/hook/cmake_prefix_path.ps1'
[58.788s] INFO:colcon.colcon_core.shell:Creating environment descriptor '/home/sensebeetlev10/sl_ws/src/sensebeetle-control/rm_serial_driver/install/rm_serial_driver/share/rm_serial_driver/hook/cmake_prefix_path.dsv'
[58.789s] INFO:colcon.colcon_core.shell:Creating environment hook '/home/sensebeetlev10/sl_ws/src/sensebeetle-control/rm_serial_driver/install/rm_serial_driver/share/rm_serial_driver/hook/cmake_prefix_path.sh'
[58.791s] Level 1:colcon.colcon_core.environment:checking '/home/sensebeetlev10/sl_ws/src/sensebeetle-control/rm_serial_driver/install/rm_serial_driver/lib'
[58.791s] Level 1:colcon.colcon_core.shell:create_environment_hook('rm_serial_driver', 'ld_library_path_lib')
[58.792s] INFO:colcon.colcon_core.shell:Creating environment hook '/home/sensebeetlev10/sl_ws/src/sensebeetle-control/rm_serial_driver/install/rm_serial_driver/share/rm_serial_driver/hook/ld_library_path_lib.ps1'
[58.794s] INFO:colcon.colcon_core.shell:Creating environment descriptor '/home/sensebeetlev10/sl_ws/src/sensebeetle-control/rm_serial_driver/install/rm_serial_driver/share/rm_serial_driver/hook/ld_library_path_lib.dsv'
[58.795s] INFO:colcon.colcon_core.shell:Creating environment hook '/home/sensebeetlev10/sl_ws/src/sensebeetle-control/rm_serial_driver/install/rm_serial_driver/share/rm_serial_driver/hook/ld_library_path_lib.sh'
[58.796s] Level 1:colcon.colcon_core.environment:checking '/home/sensebeetlev10/sl_ws/src/sensebeetle-control/rm_serial_driver/install/rm_serial_driver/bin'
[58.796s] Level 1:colcon.colcon_core.environment:checking '/home/sensebeetlev10/sl_ws/src/sensebeetle-control/rm_serial_driver/install/rm_serial_driver/lib/pkgconfig/rm_serial_driver.pc'
[58.797s] Level 1:colcon.colcon_core.environment:checking '/home/sensebeetlev10/sl_ws/src/sensebeetle-control/rm_serial_driver/install/rm_serial_driver/lib/python3.10/site-packages'
[58.798s] Level 1:colcon.colcon_core.environment:checking '/home/sensebeetlev10/sl_ws/src/sensebeetle-control/rm_serial_driver/install/rm_serial_driver/bin'
[58.800s] INFO:colcon.colcon_core.shell:Creating package script '/home/sensebeetlev10/sl_ws/src/sensebeetle-control/rm_serial_driver/install/rm_serial_driver/share/rm_serial_driver/package.ps1'
[58.803s] INFO:colcon.colcon_core.shell:Creating package descriptor '/home/sensebeetlev10/sl_ws/src/sensebeetle-control/rm_serial_driver/install/rm_serial_driver/share/rm_serial_driver/package.dsv'
[58.805s] INFO:colcon.colcon_core.shell:Creating package script '/home/sensebeetlev10/sl_ws/src/sensebeetle-control/rm_serial_driver/install/rm_serial_driver/share/rm_serial_driver/package.sh'
[58.807s] INFO:colcon.colcon_core.shell:Creating package script '/home/sensebeetlev10/sl_ws/src/sensebeetle-control/rm_serial_driver/install/rm_serial_driver/share/rm_serial_driver/package.bash'
[58.808s] INFO:colcon.colcon_core.shell:Creating package script '/home/sensebeetlev10/sl_ws/src/sensebeetle-control/rm_serial_driver/install/rm_serial_driver/share/rm_serial_driver/package.zsh'
[58.810s] Level 1:colcon.colcon_core.environment:create_file_with_runtime_dependencies(/home/sensebeetlev10/sl_ws/src/sensebeetle-control/rm_serial_driver/install/rm_serial_driver/share/colcon-core/packages/rm_serial_driver)
[58.811s] DEBUG:colcon.colcon_parallel_executor.executor.parallel:closing loop
[58.813s] DEBUG:colcon.colcon_parallel_executor.executor.parallel:loop closed
[58.813s] DEBUG:colcon.colcon_parallel_executor.executor.parallel:run_until_complete finished with '0'
[58.813s] DEBUG:colcon.colcon_core.event_reactor:joining thread
[58.836s] INFO:colcon.colcon_core.plugin_system:Skipping extension 'colcon_notification.desktop_notification.terminal_notifier': Not used on non-Darwin systems
[58.837s] INFO:colcon.colcon_core.plugin_system:Skipping extension 'colcon_notification.desktop_notification.win32': Not used on non-Windows systems
[58.837s] INFO:colcon.colcon_notification.desktop_notification:Sending desktop notification using 'notify2'
[58.877s] DEBUG:colcon.colcon_core.event_reactor:joined thread
[58.878s] INFO:colcon.colcon_core.shell:Creating prefix script '/home/sensebeetlev10/sl_ws/src/sensebeetle-control/rm_serial_driver/install/local_setup.ps1'
[58.879s] INFO:colcon.colcon_core.shell:Creating prefix util module '/home/sensebeetlev10/sl_ws/src/sensebeetle-control/rm_serial_driver/install/_local_setup_util_ps1.py'
[58.881s] INFO:colcon.colcon_core.shell:Creating prefix chain script '/home/sensebeetlev10/sl_ws/src/sensebeetle-control/rm_serial_driver/install/setup.ps1'
[58.883s] INFO:colcon.colcon_core.shell:Creating prefix script '/home/sensebeetlev10/sl_ws/src/sensebeetle-control/rm_serial_driver/install/local_setup.sh'
[58.884s] INFO:colcon.colcon_core.shell:Creating prefix util module '/home/sensebeetlev10/sl_ws/src/sensebeetle-control/rm_serial_driver/install/_local_setup_util_sh.py'
[58.900s] INFO:colcon.colcon_core.shell:Creating prefix chain script '/home/sensebeetlev10/sl_ws/src/sensebeetle-control/rm_serial_driver/install/setup.sh'
[58.902s] INFO:colcon.colcon_core.shell:Creating prefix script '/home/sensebeetlev10/sl_ws/src/sensebeetle-control/rm_serial_driver/install/local_setup.bash'
[58.902s] INFO:colcon.colcon_core.shell:Creating prefix chain script '/home/sensebeetlev10/sl_ws/src/sensebeetle-control/rm_serial_driver/install/setup.bash'
[58.904s] INFO:colcon.colcon_core.shell:Creating prefix script '/home/sensebeetlev10/sl_ws/src/sensebeetle-control/rm_serial_driver/install/local_setup.zsh'
[58.904s] INFO:colcon.colcon_core.shell:Creating prefix chain script '/home/sensebeetlev10/sl_ws/src/sensebeetle-control/rm_serial_driver/install/setup.zsh'
